2026-06-18 01:45:22.664 +02:00 [WRN] Entity 'Reservation' has a global query filter defined and is the required end of a relationship with the entity 'Invoice'. This may lead to unexpected results when the required entity is filtered out. Either configure the navigation as optional, or define matching query filters for both entities in the navigation. See https://go.microsoft.com/fwlink/?linkid=2131316 for more information.
2026-06-18 01:45:26.658 +02:00 [INF] Start installing Hangfire SQL objects...
2026-06-18 01:45:26.933 +02:00 [INF] Hangfire SQL objects installed.
2026-06-18 01:45:28.112 +02:00 [INF] Starting Hangfire Server using job storage: 'SQL Server: ASTRA\SQLEXPRESS@hoteloDB'
2026-06-18 01:45:28.115 +02:00 [INF] Using the following options for SQL Server job storage: Queue poll interval: 00:00:00.
2026-06-18 01:45:28.120 +02:00 [INF] Using the following options for Hangfire Server:
    Worker count: 20
    Listening queues: 'default'
    Shutdown timeout: 00:00:15
    Schedule polling interval: 00:00:15
2026-06-18 01:45:28.184 +02:00 [INF] Server astra:6608:a6be7982 successfully announced in 23,3163 ms
2026-06-18 01:45:28.192 +02:00 [INF] Server astra:6608:a6be7982 is starting the registered dispatchers: ServerWatchdog, ServerJobCancellationWatcher, ExpirationManager, CountersAggregator, SqlServerHeartbeatProcess, Worker, DelayedJobScheduler, RecurringJobScheduler...
2026-06-18 01:45:28.355 +02:00 [INF] Server astra:6608:a6be7982 all the dispatchers started
2026-06-18 01:45:30.111 +02:00 [INF] REQ GET / [Anonyme]
2026-06-18 01:45:30.325 +02:00 [INF] REQ GET /Account/Login [Anonyme]
2026-06-18 01:45:30.985 +02:00 [INF] REQ POST /hubs/notifications/negotiate [Anonyme]
2026-06-18 01:45:33.013 +02:00 [INF] REQ POST /Account/Login [Anonyme]
2026-06-18 01:45:33.508 +02:00 [INF] REQ GET / [Anonyme]
2026-06-18 01:45:33.596 +02:00 [INF] REQ GET /Dashboard [Anonyme]
2026-06-18 01:45:34.902 +02:00 [INF] REQ POST /hubs/notifications/negotiate [Anonyme]
2026-06-18 01:45:35.155 +02:00 [INF] REQ CONNECT /hubs/notifications [Anonyme]
2026-06-18 01:45:38.114 +02:00 [INF] REQ GET /Admin/UserAccess [Anonyme]
2026-06-18 01:45:38.265 +02:00 [INF] REQ POST /hubs/notifications/negotiate [Anonyme]
2026-06-18 01:45:38.265 +02:00 [INF] REQ GET /api/v1/admin/access-matrix [Anonyme]
2026-06-18 01:45:38.377 +02:00 [INF] REQ CONNECT /hubs/notifications [Anonyme]
2026-06-18 01:45:38.767 +02:00 [INF] REQ GET /api/v1/admin/user-functions [Anonyme]
2026-06-18 01:45:38.770 +02:00 [INF] REQ GET /api/v1/users [Anonyme]
2026-06-18 01:45:50.989 +02:00 [INF] REQ GET /Admin/Departments [Anonyme]
2026-06-18 01:45:51.325 +02:00 [INF] REQ POST /hubs/notifications/negotiate [Anonyme]
2026-06-18 01:45:51.397 +02:00 [INF] REQ CONNECT /hubs/notifications [Anonyme]
2026-06-18 01:46:18.880 +02:00 [INF] REQ GET /HR [Anonyme]
2026-06-18 01:46:19.019 +02:00 [INF] REQ POST /hubs/notifications/negotiate [Anonyme]
2026-06-18 01:46:19.033 +02:00 [INF] REQ GET /api/v1/hr/dashboard [Anonyme]
2026-06-18 01:46:19.074 +02:00 [INF] REQ CONNECT /hubs/notifications [Anonyme]
2026-06-18 01:46:40.570 +02:00 [INF] REQ GET /Commercial [Anonyme]
2026-06-18 01:46:40.860 +02:00 [INF] REQ GET /api/v1/commercial/dashboard [Anonyme]
2026-06-18 01:46:40.860 +02:00 [INF] REQ POST /hubs/notifications/negotiate [Anonyme]
2026-06-18 01:46:40.944 +02:00 [INF] REQ CONNECT /hubs/notifications [Anonyme]
2026-06-18 01:46:57.346 +02:00 [INF] REQ GET /FrontOffice [Anonyme]
2026-06-18 01:46:57.533 +02:00 [INF] REQ POST /hubs/notifications/negotiate [Anonyme]
2026-06-18 01:46:57.584 +02:00 [INF] REQ CONNECT /hubs/notifications [Anonyme]
2026-06-18 01:47:06.209 +02:00 [INF] REQ GET /FrontOffice/Home/Details/8 [Anonyme]
2026-06-18 01:47:08.230 +02:00 [INF] REQ POST /FrontOffice/Home/UpdateStatus [Anonyme]
2026-06-18 01:47:08.740 +02:00 [INF] REQ GET /FrontOffice [Anonyme]
2026-06-18 01:47:08.866 +02:00 [INF] REQ POST /hubs/notifications/negotiate [Anonyme]
2026-06-18 01:47:08.897 +02:00 [INF] REQ CONNECT /hubs/notifications [Anonyme]
2026-06-18 01:47:08.906 +02:00 [INF] REQ GET /favicon.ico [Anonyme]
2026-06-18 01:47:12.136 +02:00 [INF] REQ GET /FrontOffice/Home/Details/7 [Anonyme]
2026-06-18 01:47:14.905 +02:00 [INF] REQ GET /FrontOffice/Home/Edit/7 [Anonyme]
2026-06-18 01:47:14.985 +02:00 [ERR] The view 'Edit' was not found. Searched locations: ["/Areas/FrontOffice/Views/Home/Edit.cshtml","/Areas/FrontOffice/Views/Shared/Edit.cshtml","/Views/Shared/Edit.cshtml","/Pages/Shared/Edit.cshtml"]
2026-06-18 01:47:15.250 +02:00 [ERR] An unhandled exception has occurred while executing the request.
System.InvalidOperationException: The view 'Edit' was not found. The following locations were searched:
/Areas/FrontOffice/Views/Home/Edit.cshtml
/Areas/FrontOffice/Views/Shared/Edit.cshtml
/Views/Shared/Edit.cshtml
/Pages/Shared/Edit.cshtml
   at Microsoft.AspNetCore.Mvc.ViewEngines.ViewEngineResult.EnsureSuccessful(IEnumerable`1 originalLocations)
   at Microsoft.AspNetCore.Mvc.ViewFeatures.ViewResultExecutor.ExecuteAsync(ActionContext context, ViewResult result)
   at Microsoft.AspNetCore.Mvc.ViewResult.ExecuteResultAsync(ActionContext context)
   at Microsoft.AspNetCore.Mvc.Infrastructure.ResourceInvoker.<InvokeResultAsync>g__Logged|22_0(ResourceInvoker invoker, IActionResult result)
   at Microsoft.AspNetCore.Mvc.Infrastructure.ResourceInvoker.<InvokeNextResultFilterAsync>g__Awaited|30_0[TFilter,TFilterAsync](ResourceInvoker invoker, Task lastTask, State next, Scope scope, Object state, Boolean isCompleted)
   at Microsoft.AspNetCore.Mvc.Infrastructure.ResourceInvoker.Rethrow(ResultExecutedContextSealed context)
   at Microsoft.AspNetCore.Mvc.Infrastructure.ResourceInvoker.ResultNext[TFilter,TFilterAsync](State& next, Scope& scope, Object& state, Boolean& isCompleted)
   at Microsoft.AspNetCore.Mvc.Infrastructure.ResourceInvoker.InvokeResultFilters()
--- End of stack trace from previous location ---
   at Microsoft.AspNetCore.Mvc.Infrastructure.ResourceInvoker.<InvokeNextResourceFilter>g__Awaited|25_0(ResourceInvoker invoker, Task lastTask, State next, Scope scope, Object state, Boolean isCompleted)
   at Microsoft.AspNetCore.Mvc.Infrastructure.ResourceInvoker.Rethrow(ResourceExecutedContextSealed context)
   at Microsoft.AspNetCore.Mvc.Infrastructure.ResourceInvoker.Next(State& next, Scope& scope, Object& state, Boolean& isCompleted)
   at Microsoft.AspNetCore.Mvc.Infrastructure.ResourceInvoker.<InvokeFilterPipelineAsync>g__Awaited|20_0(ResourceInvoker invoker, Task lastTask, State next, Scope scope, Object state, Boolean isCompleted)
   at Microsoft.AspNetCore.Mvc.Infrastructure.ResourceInvoker.<InvokeAsync>g__Logged|17_1(ResourceInvoker invoker)
   at Microsoft.AspNetCore.Mvc.Infrastructure.ResourceInvoker.<InvokeAsync>g__Logged|17_1(ResourceInvoker invoker)
   at Microsoft.AspNetCore.Authorization.AuthorizationMiddleware.Invoke(HttpContext context)
   at Microsoft.AspNetCore.Authentication.AuthenticationMiddleware.Invoke(HttpContext context)
   at Microsoft.AspNetCore.Session.SessionMiddleware.Invoke(HttpContext context)
   at Microsoft.AspNetCore.Session.SessionMiddleware.Invoke(HttpContext context)
   at Hotelo.Web.Middlewares.RequestLoggingMiddleware.InvokeAsync(HttpContext context) in C:\Projects\Hotelo\Hotelo.Web\Middlewares\RequestLoggingMiddleware.cs:line 20
   at Microsoft.AspNetCore.Diagnostics.DeveloperExceptionPageMiddlewareImpl.Invoke(HttpContext context)
2026-06-18 01:47:21.127 +02:00 [INF] REQ GET /FrontOffice [Anonyme]
2026-06-18 01:47:21.279 +02:00 [INF] REQ POST /hubs/notifications/negotiate [Anonyme]
2026-06-18 01:47:21.332 +02:00 [INF] REQ CONNECT /hubs/notifications [Anonyme]
2026-06-18 01:47:38.246 +02:00 [INF] REQ GET /Admin/Access [Anonyme]
2026-06-18 01:47:38.561 +02:00 [INF] REQ POST /hubs/notifications/negotiate [Anonyme]
2026-06-18 01:47:38.622 +02:00 [INF] REQ CONNECT /hubs/notifications [Anonyme]
2026-06-18 01:48:02.551 +02:00 [INF] REQ GET /Admin/Backup [Anonyme]
2026-06-18 01:48:02.825 +02:00 [INF] REQ POST /hubs/notifications/negotiate [Anonyme]
2026-06-18 01:48:02.895 +02:00 [INF] REQ CONNECT /hubs/notifications [Anonyme]
2026-06-18 01:48:11.565 +02:00 [INF] REQ GET /hangfire [Anonyme]
2026-06-18 01:48:12.287 +02:00 [INF] REQ GET /hangfire/css18140695100258 [Anonyme]
2026-06-18 01:48:12.306 +02:00 [INF] REQ GET /hangfire/css-dark18140315240636 [Anonyme]
2026-06-18 01:48:12.308 +02:00 [INF] REQ GET /hangfire/js181401938487180 [Anonyme]
2026-06-18 01:48:12.554 +02:00 [INF] REQ GET /hangfire/fonts/glyphicons-halflings-regular/woff2 [Anonyme]
2026-06-18 01:48:14.695 +02:00 [INF] REQ POST /hangfire/stats [Anonyme]
2026-06-18 01:48:16.853 +02:00 [INF] REQ POST /hangfire/stats [Anonyme]
2026-06-18 01:48:18.920 +02:00 [INF] REQ POST /hangfire/stats [Anonyme]
2026-06-18 01:48:20.020 +02:00 [INF] REQ GET /hangfire [Anonyme]
2026-06-18 01:48:20.097 +02:00 [INF] REQ GET /hangfire/css18140695100258 [Anonyme]
2026-06-18 01:48:20.100 +02:00 [INF] REQ GET /hangfire/css-dark18140315240636 [Anonyme]
2026-06-18 01:48:20.101 +02:00 [INF] REQ GET /hangfire/js181401938487180 [Anonyme]
2026-06-18 01:48:20.162 +02:00 [INF] REQ GET /hangfire/fonts/glyphicons-halflings-regular/woff2 [Anonyme]
2026-06-18 01:48:22.257 +02:00 [INF] REQ POST /hangfire/stats [Anonyme]
2026-06-18 01:48:24.337 +02:00 [INF] REQ POST /hangfire/stats [Anonyme]
2026-06-18 01:48:25.278 +02:00 [INF] REQ GET /hangfire [Anonyme]
2026-06-18 01:48:25.396 +02:00 [INF] REQ GET /hangfire/css18140695100258 [Anonyme]
2026-06-18 01:48:25.407 +02:00 [INF] REQ GET /hangfire/js181401938487180 [Anonyme]
2026-06-18 01:48:25.409 +02:00 [INF] REQ GET /hangfire/css-dark18140315240636 [Anonyme]
2026-06-18 01:48:25.455 +02:00 [INF] REQ GET /hangfire/fonts/glyphicons-halflings-regular/woff2 [Anonyme]
2026-06-18 01:48:27.527 +02:00 [INF] REQ POST /hangfire/stats [Anonyme]
2026-06-18 01:48:29.624 +02:00 [INF] REQ POST /hangfire/stats [Anonyme]
2026-06-18 01:48:31.688 +02:00 [INF] REQ POST /hangfire/stats [Anonyme]
2026-06-18 01:48:33.732 +02:00 [INF] REQ POST /hangfire/stats [Anonyme]
2026-06-18 01:48:35.792 +02:00 [INF] REQ POST /hangfire/stats [Anonyme]
2026-06-18 01:48:37.849 +02:00 [INF] REQ POST /hangfire/stats [Anonyme]
2026-06-18 01:48:39.919 +02:00 [INF] REQ POST /hangfire/stats [Anonyme]
2026-06-18 01:48:41.987 +02:00 [INF] REQ POST /hangfire/stats [Anonyme]
2026-06-18 01:48:44.052 +02:00 [INF] REQ POST /hangfire/stats [Anonyme]
2026-06-18 01:48:46.114 +02:00 [INF] REQ POST /hangfire/stats [Anonyme]
2026-06-18 01:48:48.749 +02:00 [INF] REQ POST /hangfire/stats [Anonyme]
2026-06-18 01:48:51.753 +02:00 [INF] REQ POST /hangfire/stats [Anonyme]
2026-06-18 01:48:54.742 +02:00 [INF] REQ POST /hangfire/stats [Anonyme]
2026-06-18 01:48:57.749 +02:00 [INF] REQ POST /hangfire/stats [Anonyme]
2026-06-18 01:48:58.675 +02:00 [INF] REQ POST /api/v1/backup/create [Anonyme]
2026-06-18 01:48:59.023 +02:00 [INF] Backup cree : hoteloDB_backup_20260618_014858.bak
2026-06-18 01:49:00.757 +02:00 [INF] REQ POST /hangfire/stats [Anonyme]
2026-06-18 01:49:01.186 +02:00 [INF] REQ GET /Admin/Backup [Anonyme]
2026-06-18 01:49:01.434 +02:00 [INF] REQ POST /hubs/notifications/negotiate [Anonyme]
2026-06-18 01:49:01.490 +02:00 [INF] REQ CONNECT /hubs/notifications [Anonyme]
2026-06-18 01:49:03.750 +02:00 [INF] REQ POST /hangfire/stats [Anonyme]
2026-06-18 01:49:06.755 +02:00 [INF] REQ POST /hangfire/stats [Anonyme]
2026-06-18 01:49:09.746 +02:00 [INF] REQ POST /hangfire/stats [Anonyme]
2026-06-18 01:49:12.745 +02:00 [INF] REQ POST /hangfire/stats [Anonyme]
2026-06-18 01:49:15.753 +02:00 [INF] REQ POST /hangfire/stats [Anonyme]
2026-06-18 01:49:18.755 +02:00 [INF] REQ POST /hangfire/stats [Anonyme]
2026-06-18 01:49:21.754 +02:00 [INF] REQ POST /hangfire/stats [Anonyme]
2026-06-18 01:49:24.743 +02:00 [INF] REQ POST /hangfire/stats [Anonyme]
2026-06-18 01:49:27.750 +02:00 [INF] REQ POST /hangfire/stats [Anonyme]
2026-06-18 01:49:30.745 +02:00 [INF] REQ POST /hangfire/stats [Anonyme]
2026-06-18 01:49:32.832 +02:00 [INF] REQ POST /api/v1/backup/restore [Anonyme]
2026-06-18 01:49:33.745 +02:00 [INF] REQ POST /hangfire/stats [Anonyme]
2026-06-18 01:49:33.839 +02:00 [ERR] An unhandled exception has occurred while executing the request.
Microsoft.Data.SqlClient.SqlException (0x80131904): Login failed for user 'ASTRA\Hichem'.
   at Microsoft.Data.ProviderBase.DbConnectionPool.TryGetConnection(DbConnection owningObject, UInt32 waitForMultipleObjectsTimeout, Boolean allowCreate, Boolean onlyOneCheckConnection, DbConnectionOptions userOptions, DbConnectionInternal& connection)
   at Microsoft.Data.ProviderBase.DbConnectionFactory.TryGetConnection(DbConnection owningConnection, TaskCompletionSource`1 retry, DbConnectionOptions userOptions, DbConnectionInternal oldConnection, DbConnectionInternal& connection)
   at Microsoft.Data.ProviderBase.DbConnectionInternal.TryOpenConnectionInternal(DbConnection outerConnection, DbConnectionFactory connectionFactory, TaskCompletionSource`1 retry, DbConnectionOptions userOptions)
   at Microsoft.Data.SqlClient.SqlConnection.Open(SqlConnectionOverrides overrides)
   at Hangfire.SqlServer.SqlServerStorage.CreateAndOpenConnection() in C:\projects\hangfire-525\src\Hangfire.SqlServer\SqlServerStorage.cs:line 365
   at Hangfire.SqlServer.SqlServerStorage.UseConnection[T](DbConnection dedicatedConnection, Func`2 func) in C:\projects\hangfire-525\src\Hangfire.SqlServer\SqlServerStorage.cs:line 256
   at Hangfire.SqlServer.SqlServerMonitoringApi.UseConnection[T](Func`2 action) in C:\projects\hangfire-525\src\Hangfire.SqlServer\SqlServerMonitoringApi.cs:line 557
   at Hangfire.SqlServer.SqlServerMonitoringApi.GetStatistics() in C:\projects\hangfire-525\src\Hangfire.SqlServer\SqlServerMonitoringApi.cs:line 459
   at Hangfire.Dashboard.RazorPage.<Assign>b__51_0() in C:\projects\hangfire-525\src\Hangfire.Core\Dashboard\RazorPage.cs:line 124
   at System.Lazy`1.ViaFactory(LazyThreadSafetyMode mode)
   at System.Lazy`1.ExecutionAndPublication(LazyHelper executionAndPublication, Boolean useDefaultConstructor)
   at System.Lazy`1.CreateValue()
   at Hangfire.Dashboard.DashboardMetrics.<>c.<.cctor>b__1_0(RazorPage page) in C:\projects\hangfire-525\src\Hangfire.Core\Dashboard\DashboardMetrics.cs:line 67
   at Hangfire.Dashboard.JsonStats.Dispatch(DashboardContext context) in C:\projects\hangfire-525\src\Hangfire.Core\Dashboard\JsonStats.cs:line 38
   at Hangfire.Dashboard.AspNetCoreDashboardMiddleware.Invoke(HttpContext httpContext) in C:\projects\hangfire-525\src\Hangfire.AspNetCore\Dashboard\AspNetCoreDashboardMiddleware.cs:line 99
   at Microsoft.AspNetCore.Builder.Extensions.MapMiddleware.InvokeCore(HttpContext context, PathString matchedPath, PathString remainingPath)
   at Microsoft.AspNetCore.Authentication.AuthenticationMiddleware.Invoke(HttpContext context)
   at Microsoft.AspNetCore.Session.SessionMiddleware.Invoke(HttpContext context)
   at Microsoft.AspNetCore.Session.SessionMiddleware.Invoke(HttpContext context)
   at Hotelo.Web.Middlewares.RequestLoggingMiddleware.InvokeAsync(HttpContext context) in C:\Projects\Hotelo\Hotelo.Web\Middlewares\RequestLoggingMiddleware.cs:line 20
   at Microsoft.AspNetCore.Diagnostics.DeveloperExceptionPageMiddlewareImpl.Invoke(HttpContext context)
ClientConnectionId:b204d21f-e6bb-4393-b660-46bea1648c1c
Error Number:18456,State:1,Class:14
2026-06-18 01:49:36.270 +02:00 [ERR] Erreur lors de la restauration
Microsoft.Data.SqlClient.SqlException (0x80131904): RESTORE cannot process database 'hoteloDB' because it is in use by this session. It is recommended that the master database be used when performing this operation.
RESTORE DATABASE is terminating abnormally.
Nonqualified transactions are being rolled back. Estimated rollback completion: 0%.
Nonqualified transactions are being rolled back. Estimated rollback completion: 100%.
   at Microsoft.Data.SqlClient.TdsParser.ThrowExceptionAndWarning(TdsParserStateObject stateObj, Boolean callerHasConnectionLock, Boolean asyncClose)
   at Microsoft.Data.SqlClient.TdsParser.TryRun(RunBehavior runBehavior, SqlCommand cmdHandler, SqlDataReader dataStream, BulkCopySimpleResultSet bulkCopyHandler, TdsParserStateObject stateObj, Boolean& dataReady)
   at Microsoft.Data.SqlClient.SqlCommand.InternalEndExecuteNonQuery(IAsyncResult asyncResult, Boolean isInternal, String endMethod)
   at Microsoft.Data.SqlClient.SqlCommand.EndExecuteNonQueryInternal(IAsyncResult asyncResult)
   at Microsoft.Data.SqlClient.SqlCommand.EndExecuteNonQueryAsync(IAsyncResult asyncResult)
   at Microsoft.Data.SqlClient.SqlCommand.<>c.<InternalExecuteNonQueryAsync>b__210_1(IAsyncResult result)
   at System.Threading.Tasks.TaskFactory`1.FromAsyncCoreLogic(IAsyncResult iar, Func`2 endFunction, Action`1 endAction, Task`1 promise, Boolean requiresSynchronization)
--- End of stack trace from previous location ---
   at Hotelo.Infrastructure.Services.BackupService.RestoreBackupAsync(String backupFile) in C:\Projects\Hotelo\Hotelo.Infrastructure\Services\BackupService.cs:line 80
   at Hotelo.Infrastructure.Services.BackupService.RestoreBackupAsync(String backupFile) in C:\Projects\Hotelo\Hotelo.Infrastructure\Services\BackupService.cs:line 83
   at Hotelo.Infrastructure.Services.BackupService.RestoreBackupAsync(String backupFile) in C:\Projects\Hotelo\Hotelo.Infrastructure\Services\BackupService.cs:line 83
ClientConnectionId:48e29acb-837e-4c3e-b2db-9c98fef8b2e2
Error Number:3102,State:1,Class:16
2026-06-18 01:49:49.119 +02:00 [INF] REQ GET /Admin/Departments [Anonyme]
2026-06-18 01:49:49.402 +02:00 [INF] REQ POST /hubs/notifications/negotiate [Anonyme]
2026-06-18 01:49:49.460 +02:00 [INF] REQ CONNECT /hubs/notifications [Anonyme]
2026-06-18 01:50:34.868 +02:00 [INF] REQ GET /hangfire [Anonyme]
2026-06-18 01:50:34.957 +02:00 [INF] REQ GET /hangfire/css18140695100258 [Anonyme]
2026-06-18 01:50:34.968 +02:00 [INF] REQ GET /hangfire/css-dark18140315240636 [Anonyme]
2026-06-18 01:50:35.004 +02:00 [INF] REQ GET /hangfire/js181401938487180 [Anonyme]
2026-06-18 01:50:35.237 +02:00 [INF] REQ GET /hangfire/fonts/glyphicons-halflings-regular/woff2 [Anonyme]
2026-06-18 01:50:37.764 +02:00 [INF] REQ POST /hangfire/stats [Anonyme]
2026-06-18 01:50:40.742 +02:00 [INF] REQ POST /hangfire/stats [Anonyme]
2026-06-18 01:50:43.756 +02:00 [INF] REQ POST /hangfire/stats [Anonyme]
2026-06-18 01:50:46.750 +02:00 [INF] REQ POST /hangfire/stats [Anonyme]
2026-06-18 01:50:49.745 +02:00 [INF] REQ POST /hangfire/stats [Anonyme]
2026-06-18 01:50:52.756 +02:00 [INF] REQ POST /hangfire/stats [Anonyme]
2026-06-18 01:50:55.749 +02:00 [INF] REQ POST /hangfire/stats [Anonyme]
2026-06-18 01:50:58.756 +02:00 [INF] REQ POST /hangfire/stats [Anonyme]
2026-06-18 01:51:01.758 +02:00 [INF] REQ POST /hangfire/stats [Anonyme]
2026-06-18 01:51:04.747 +02:00 [INF] REQ POST /hangfire/stats [Anonyme]
2026-06-18 01:51:07.758 +02:00 [INF] REQ POST /hangfire/stats [Anonyme]
2026-06-18 01:51:10.755 +02:00 [INF] REQ POST /hangfire/stats [Anonyme]
2026-06-18 01:51:13.752 +02:00 [INF] REQ POST /hangfire/stats [Anonyme]
2026-06-18 01:51:16.755 +02:00 [INF] REQ POST /hangfire/stats [Anonyme]
2026-06-18 01:51:19.748 +02:00 [INF] REQ POST /hangfire/stats [Anonyme]
2026-06-18 01:51:23.862 +02:00 [INF] REQ POST /hangfire/stats [Anonyme]
2026-06-18 01:51:23.862 +02:00 [INF] REQ POST /api/v1/admin/functions [Anonyme]
2026-06-18 01:51:24.271 +02:00 [INF] REQ GET /Admin/Departments [Anonyme]
2026-06-18 01:51:24.442 +02:00 [INF] REQ POST /hubs/notifications/negotiate [Anonyme]
2026-06-18 01:51:24.495 +02:00 [INF] REQ CONNECT /hubs/notifications [Anonyme]
2026-06-18 01:51:26.741 +02:00 [INF] REQ POST /hangfire/stats [Anonyme]
2026-06-18 01:51:29.743 +02:00 [INF] REQ POST /hangfire/stats [Anonyme]
2026-06-18 01:51:32.748 +02:00 [INF] REQ POST /hangfire/stats [Anonyme]
2026-06-18 01:51:35.745 +02:00 [INF] REQ POST /hangfire/stats [Anonyme]
2026-06-18 01:51:38.750 +02:00 [INF] REQ POST /hangfire/stats [Anonyme]
2026-06-18 01:51:39.260 +02:00 [INF] REQ GET /Admin/Departments [Anonyme]
2026-06-18 01:51:39.563 +02:00 [INF] REQ POST /hubs/notifications/negotiate [Anonyme]
2026-06-18 01:51:39.593 +02:00 [INF] REQ CONNECT /hubs/notifications [Anonyme]
2026-06-18 01:51:41.750 +02:00 [INF] REQ POST /hangfire/stats [Anonyme]
2026-06-18 01:51:44.747 +02:00 [INF] REQ POST /hangfire/stats [Anonyme]
2026-06-18 01:51:47.747 +02:00 [INF] REQ POST /hangfire/stats [Anonyme]
2026-06-18 01:51:50.741 +02:00 [INF] REQ POST /hangfire/stats [Anonyme]
2026-06-18 01:51:53.742 +02:00 [INF] REQ POST /hangfire/stats [Anonyme]
2026-06-18 01:51:56.749 +02:00 [INF] REQ POST /hangfire/stats [Anonyme]
2026-06-18 01:51:59.743 +02:00 [INF] REQ POST /hangfire/stats [Anonyme]
2026-06-18 01:52:02.748 +02:00 [INF] REQ POST /hangfire/stats [Anonyme]
2026-06-18 01:52:05.751 +02:00 [INF] REQ POST /hangfire/stats [Anonyme]
2026-06-18 01:52:08.752 +02:00 [INF] REQ POST /hangfire/stats [Anonyme]
2026-06-18 01:52:11.740 +02:00 [INF] REQ POST /hangfire/stats [Anonyme]
2026-06-18 01:52:14.748 +02:00 [INF] REQ POST /hangfire/stats [Anonyme]
2026-06-18 01:52:15.924 +02:00 [INF] REQ GET /Reservation/Packages [Anonyme]
2026-06-18 01:52:16.095 +02:00 [INF] REQ POST /hubs/notifications/negotiate [Anonyme]
2026-06-18 01:52:16.095 +02:00 [INF] REQ GET /api/v1/packages [Anonyme]
2026-06-18 01:52:16.150 +02:00 [INF] REQ CONNECT /hubs/notifications [Anonyme]
2026-06-18 01:52:17.741 +02:00 [INF] REQ POST /hangfire/stats [Anonyme]
2026-06-18 01:52:20.740 +02:00 [INF] REQ POST /hangfire/stats [Anonyme]
2026-06-18 01:52:22.293 +02:00 [INF] REQ GET /Finances [Anonyme]
2026-06-18 01:52:22.454 +02:00 [INF] REQ POST /hubs/notifications/negotiate [Anonyme]
2026-06-18 01:52:22.458 +02:00 [INF] REQ GET /api/v1/invoices/dashboard [Anonyme]
2026-06-18 01:52:22.531 +02:00 [INF] REQ CONNECT /hubs/notifications [Anonyme]
2026-06-18 01:52:22.592 +02:00 [INF] REQ GET /api/v1/invoices [Anonyme]
2026-06-18 01:52:22.708 +02:00 [INF] REQ GET /api/v1/reservations [Anonyme]
2026-06-18 01:52:23.741 +02:00 [INF] REQ POST /hangfire/stats [Anonyme]
2026-06-18 01:52:26.743 +02:00 [INF] REQ POST /hangfire/stats [Anonyme]
2026-06-18 01:52:29.742 +02:00 [INF] REQ POST /hangfire/stats [Anonyme]
2026-06-18 01:52:32.753 +02:00 [INF] REQ POST /hangfire/stats [Anonyme]
2026-06-18 01:52:34.275 +02:00 [INF] REQ GET /api/v1/export/invoice/2/pdf [Anonyme]
2026-06-18 01:52:35.749 +02:00 [INF] REQ POST /hangfire/stats [Anonyme]
2026-06-18 01:52:38.740 +02:00 [INF] REQ POST /hangfire/stats [Anonyme]
2026-06-18 01:52:41.744 +02:00 [INF] REQ POST /hangfire/stats [Anonyme]
2026-06-18 01:52:44.752 +02:00 [INF] REQ POST /hangfire/stats [Anonyme]
2026-06-18 01:52:47.752 +02:00 [INF] REQ POST /hangfire/stats [Anonyme]
2026-06-18 01:52:50.747 +02:00 [INF] REQ POST /hangfire/stats [Anonyme]
2026-06-18 01:52:53.743 +02:00 [INF] REQ POST /hangfire/stats [Anonyme]
2026-06-18 01:52:56.749 +02:00 [INF] REQ POST /hangfire/stats [Anonyme]
2026-06-18 01:52:59.741 +02:00 [INF] REQ POST /hangfire/stats [Anonyme]
2026-06-18 01:53:02.743 +02:00 [INF] REQ POST /hangfire/stats [Anonyme]
2026-06-18 01:53:05.748 +02:00 [INF] REQ POST /hangfire/stats [Anonyme]
2026-06-18 01:53:08.747 +02:00 [INF] REQ POST /hangfire/stats [Anonyme]
2026-06-18 01:53:11.743 +02:00 [INF] REQ POST /hangfire/stats [Anonyme]
2026-06-18 01:53:14.754 +02:00 [INF] REQ POST /hangfire/stats [Anonyme]
2026-06-18 10:56:44.152 +02:00 [WRN] Entity 'Reservation' has a global query filter defined and is the required end of a relationship with the entity 'Invoice'. This may lead to unexpected results when the required entity is filtered out. Either configure the navigation as optional, or define matching query filters for both entities in the navigation. See https://go.microsoft.com/fwlink/?linkid=2131316 for more information.
2026-06-18 10:56:47.969 +02:00 [INF] Start installing Hangfire SQL objects...
2026-06-18 10:56:48.322 +02:00 [INF] Hangfire SQL objects installed.
2026-06-18 10:56:50.061 +02:00 [INF] Starting Hangfire Server using job storage: 'SQL Server: ASTRA\SQLEXPRESS@hoteloDB'
2026-06-18 10:56:50.067 +02:00 [INF] Using the following options for SQL Server job storage: Queue poll interval: 00:00:00.
2026-06-18 10:56:50.074 +02:00 [INF] Using the following options for Hangfire Server:
    Worker count: 20
    Listening queues: 'default'
    Shutdown timeout: 00:00:15
    Schedule polling interval: 00:00:15
2026-06-18 10:56:50.184 +02:00 [INF] Server astra:11844:fcb15eef successfully announced in 38,4369 ms
2026-06-18 10:56:50.199 +02:00 [INF] Server astra:11844:fcb15eef is starting the registered dispatchers: ServerWatchdog, ServerJobCancellationWatcher, ExpirationManager, CountersAggregator, SqlServerHeartbeatProcess, Worker, DelayedJobScheduler, RecurringJobScheduler...
2026-06-18 10:56:50.235 +02:00 [INF] 1 servers were removed due to timeout
2026-06-18 10:56:50.333 +02:00 [INF] Server astra:11844:fcb15eef all the dispatchers started
2026-06-18 10:56:51.539 +02:00 [INF] Backup cree : hoteloDB_backup_20260618_105651.bak
2026-06-18 10:56:51.553 +02:00 [INF] Backup automatique reussi : hoteloDB_backup_20260618_105651.bak
2026-06-18 10:56:52.531 +02:00 [INF] REQ GET / [Anonyme]
2026-06-18 10:56:52.756 +02:00 [INF] REQ GET /Account/Login [Anonyme]
2026-06-18 10:56:53.322 +02:00 [INF] REQ POST /hubs/notifications/negotiate [Anonyme]
2026-06-18 10:56:54.854 +02:00 [INF] REQ POST /Account/Login [Anonyme]
2026-06-18 10:56:55.816 +02:00 [INF] REQ GET / [Anonyme]
2026-06-18 10:56:56.047 +02:00 [INF] REQ GET /Dashboard [Anonyme]
2026-06-18 10:56:57.814 +02:00 [INF] REQ POST /hubs/notifications/negotiate [Anonyme]
2026-06-18 10:56:58.030 +02:00 [INF] REQ CONNECT /hubs/notifications [Anonyme]
2026-06-18 10:57:00.271 +02:00 [INF] REQ GET /Admin/UserAccess [Anonyme]
2026-06-18 10:57:00.391 +02:00 [INF] REQ POST /hubs/notifications/negotiate [Anonyme]
2026-06-18 10:57:00.392 +02:00 [INF] REQ GET /api/v1/admin/access-matrix [Anonyme]
2026-06-18 10:57:00.462 +02:00 [INF] REQ CONNECT /hubs/notifications [Anonyme]
2026-06-18 10:57:00.966 +02:00 [INF] REQ GET /api/v1/admin/user-functions [Anonyme]
2026-06-18 10:57:00.966 +02:00 [INF] REQ GET /api/v1/users [Anonyme]
2026-06-18 10:59:35.022 +02:00 [WRN] Entity 'Reservation' has a global query filter defined and is the required end of a relationship with the entity 'Invoice'. This may lead to unexpected results when the required entity is filtered out. Either configure the navigation as optional, or define matching query filters for both entities in the navigation. See https://go.microsoft.com/fwlink/?linkid=2131316 for more information.
2026-06-18 10:59:37.778 +02:00 [INF] Start installing Hangfire SQL objects...
2026-06-18 10:59:38.246 +02:00 [INF] Hangfire SQL objects installed.
2026-06-18 10:59:39.588 +02:00 [INF] Starting Hangfire Server using job storage: 'SQL Server: ASTRA\SQLEXPRESS@hoteloDB'
2026-06-18 10:59:39.593 +02:00 [INF] Using the following options for SQL Server job storage: Queue poll interval: 00:00:00.
2026-06-18 10:59:39.597 +02:00 [INF] Using the following options for Hangfire Server:
    Worker count: 20
    Listening queues: 'default'
    Shutdown timeout: 00:00:15
    Schedule polling interval: 00:00:15
2026-06-18 10:59:39.735 +02:00 [INF] Server astra:18080:c96e5b99 successfully announced in 56,651 ms
2026-06-18 10:59:39.748 +02:00 [INF] Server astra:18080:c96e5b99 is starting the registered dispatchers: ServerWatchdog, ServerJobCancellationWatcher, ExpirationManager, CountersAggregator, SqlServerHeartbeatProcess, Worker, DelayedJobScheduler, RecurringJobScheduler...
2026-06-18 10:59:39.907 +02:00 [INF] Server astra:18080:c96e5b99 all the dispatchers started
2026-06-18 10:59:41.161 +02:00 [INF] REQ GET / [Anonyme]
2026-06-18 10:59:41.390 +02:00 [INF] REQ GET /Account/Login [Anonyme]
2026-06-18 10:59:42.013 +02:00 [INF] REQ POST /hubs/notifications/negotiate [Anonyme]
2026-06-18 10:59:44.504 +02:00 [INF] REQ POST /Account/Login [Anonyme]
2026-06-18 10:59:45.074 +02:00 [INF] REQ GET / [Anonyme]
2026-06-18 10:59:45.180 +02:00 [INF] REQ GET /Dashboard [Anonyme]
2026-06-18 10:59:46.872 +02:00 [INF] REQ POST /hubs/notifications/negotiate [Anonyme]
2026-06-18 10:59:47.136 +02:00 [INF] REQ CONNECT /hubs/notifications [Anonyme]
2026-06-18 10:59:48.161 +02:00 [INF] REQ GET /Admin/Departments [Anonyme]
2026-06-18 10:59:48.317 +02:00 [ERR] Failed executing DbCommand (23ms) [Parameters=[], CommandType='"Text"', CommandTimeout='30']
SELECT [d].[Id], [d].[Description], [d].[IsActive], [d].[Name], [t].[Id], [t].[BaseSalary], [t].[ContractType], [t].[CreatedAt], [t].[CreatedBy], [t].[DepartmentId], [t].[FullName], [t].[HireDate], [t].[IsActive], [t].[IsDeleted], [t].[JobFunctionId], [t].[ModifiedAt], [t].[ModifiedBy], [t].[UserId]
FROM [Departments] AS [d]
LEFT JOIN (
    SELECT [e].[Id], [e].[BaseSalary], [e].[ContractType], [e].[CreatedAt], [e].[CreatedBy], [e].[DepartmentId], [e].[FullName], [e].[HireDate], [e].[IsActive], [e].[IsDeleted], [e].[JobFunctionId], [e].[ModifiedAt], [e].[ModifiedBy], [e].[UserId]
    FROM [Employees] AS [e]
    WHERE [e].[IsActive] = CAST(1 AS bit)
) AS [t] ON [d].[Id] = [t].[DepartmentId]
WHERE [d].[IsActive] = CAST(1 AS bit)
ORDER BY [d].[Name], [d].[Id]
2026-06-18 10:59:48.382 +02:00 [ERR] An exception occurred while iterating over the results of a query for context type 'Hotelo.Infrastructure.Data.HoteloDbContext'.
Microsoft.Data.SqlClient.SqlException (0x80131904): Invalid column name 'JobFunctionId'.
   at Microsoft.Data.SqlClient.SqlCommand.<>c.<ExecuteDbDataReaderAsync>b__211_0(Task`1 result)
   at System.Threading.Tasks.ContinuationResultTaskFromResultTask`2.InnerInvoke()
   at System.Threading.ExecutionContext.RunInternal(ExecutionContext executionContext, ContextCallback callback, Object state)
--- End of stack trace from previous location ---
   at System.Threading.ExecutionContext.RunInternal(ExecutionContext executionContext, ContextCallback callback, Object state)
   at System.Threading.Tasks.Task.ExecuteWithThreadLocal(Task& currentTaskSlot, Thread threadPoolThread)
--- End of stack trace from previous location ---
   at Microsoft.EntityFrameworkCore.Storage.RelationalCommand.ExecuteReaderAsync(RelationalCommandParameterObject parameterObject, CancellationToken cancellationToken)
   at Microsoft.EntityFrameworkCore.Storage.RelationalCommand.ExecuteReaderAsync(RelationalCommandParameterObject parameterObject, CancellationToken cancellationToken)
   at Microsoft.EntityFrameworkCore.Query.Internal.SingleQueryingEnumerable`1.AsyncEnumerator.InitializeReaderAsync(AsyncEnumerator enumerator, CancellationToken cancellationToken)
   at Microsoft.EntityFrameworkCore.SqlServer.Storage.Internal.SqlServerExecutionStrategy.ExecuteAsync[TState,TResult](TState state, Func`4 operation, Func`4 verifySucceeded, CancellationToken cancellationToken)
   at Microsoft.EntityFrameworkCore.Query.Internal.SingleQueryingEnumerable`1.AsyncEnumerator.MoveNextAsync()
ClientConnectionId:a07ef863-60e0-4cf0-96ae-d3dd2bc290c0
Error Number:207,State:1,Class:16
Microsoft.Data.SqlClient.SqlException (0x80131904): Invalid column name 'JobFunctionId'.
   at Microsoft.Data.SqlClient.SqlCommand.<>c.<ExecuteDbDataReaderAsync>b__211_0(Task`1 result)
   at System.Threading.Tasks.ContinuationResultTaskFromResultTask`2.InnerInvoke()
   at System.Threading.ExecutionContext.RunInternal(ExecutionContext executionContext, ContextCallback callback, Object state)
--- End of stack trace from previous location ---
   at System.Threading.ExecutionContext.RunInternal(ExecutionContext executionContext, ContextCallback callback, Object state)
   at System.Threading.Tasks.Task.ExecuteWithThreadLocal(Task& currentTaskSlot, Thread threadPoolThread)
--- End of stack trace from previous location ---
   at Microsoft.EntityFrameworkCore.Storage.RelationalCommand.ExecuteReaderAsync(RelationalCommandParameterObject parameterObject, CancellationToken cancellationToken)
   at Microsoft.EntityFrameworkCore.Storage.RelationalCommand.ExecuteReaderAsync(RelationalCommandParameterObject parameterObject, CancellationToken cancellationToken)
   at Microsoft.EntityFrameworkCore.Query.Internal.SingleQueryingEnumerable`1.AsyncEnumerator.InitializeReaderAsync(AsyncEnumerator enumerator, CancellationToken cancellationToken)
   at Microsoft.EntityFrameworkCore.SqlServer.Storage.Internal.SqlServerExecutionStrategy.ExecuteAsync[TState,TResult](TState state, Func`4 operation, Func`4 verifySucceeded, CancellationToken cancellationToken)
   at Microsoft.EntityFrameworkCore.Query.Internal.SingleQueryingEnumerable`1.AsyncEnumerator.MoveNextAsync()
ClientConnectionId:a07ef863-60e0-4cf0-96ae-d3dd2bc290c0
Error Number:207,State:1,Class:16
2026-06-18 10:59:49.112 +02:00 [ERR] An unhandled exception has occurred while executing the request.
Microsoft.Data.SqlClient.SqlException (0x80131904): Invalid column name 'JobFunctionId'.
   at Microsoft.Data.SqlClient.SqlCommand.<>c.<ExecuteDbDataReaderAsync>b__211_0(Task`1 result)
   at System.Threading.Tasks.ContinuationResultTaskFromResultTask`2.InnerInvoke()
   at System.Threading.ExecutionContext.RunInternal(ExecutionContext executionContext, ContextCallback callback, Object state)
--- End of stack trace from previous location ---
   at System.Threading.ExecutionContext.RunInternal(ExecutionContext executionContext, ContextCallback callback, Object state)
   at System.Threading.Tasks.Task.ExecuteWithThreadLocal(Task& currentTaskSlot, Thread threadPoolThread)
--- End of stack trace from previous location ---
   at Microsoft.EntityFrameworkCore.Storage.RelationalCommand.ExecuteReaderAsync(RelationalCommandParameterObject parameterObject, CancellationToken cancellationToken)
   at Microsoft.EntityFrameworkCore.Storage.RelationalCommand.ExecuteReaderAsync(RelationalCommandParameterObject parameterObject, CancellationToken cancellationToken)
   at Microsoft.EntityFrameworkCore.Query.Internal.SingleQueryingEnumerable`1.AsyncEnumerator.InitializeReaderAsync(AsyncEnumerator enumerator, CancellationToken cancellationToken)
   at Microsoft.EntityFrameworkCore.SqlServer.Storage.Internal.SqlServerExecutionStrategy.ExecuteAsync[TState,TResult](TState state, Func`4 operation, Func`4 verifySucceeded, CancellationToken cancellationToken)
   at Microsoft.EntityFrameworkCore.Query.Internal.SingleQueryingEnumerable`1.AsyncEnumerator.MoveNextAsync()
   at Microsoft.EntityFrameworkCore.EntityFrameworkQueryableExtensions.ToListAsync[TSource](IQueryable`1 source, CancellationToken cancellationToken)
   at Microsoft.EntityFrameworkCore.EntityFrameworkQueryableExtensions.ToListAsync[TSource](IQueryable`1 source, CancellationToken cancellationToken)
   at Hotelo.Infrastructure.Repositories.HRRepository.GetAllDepartmentsAsync() in C:\Projects\Hotelo\Hotelo.Infrastructure\Repositories\HRRepository.cs:line 32
   at Hotelo.Infrastructure.Services.HRService.GetAllDepartmentsAsync() in C:\Projects\Hotelo\Hotelo.Infrastructure\Services\HRService.cs:line 53
   at Hotelo.Web.Areas.Admin.Controllers.DepartmentsController.Index() in C:\Projects\Hotelo\Hotelo.Web\Areas\Admin\Controllers\DepartmentsController.cs:line 23
   at Microsoft.AspNetCore.Mvc.Infrastructure.ActionMethodExecutor.TaskOfIActionResultExecutor.Execute(ActionContext actionContext, IActionResultTypeMapper mapper, ObjectMethodExecutor executor, Object controller, Object[] arguments)
   at Microsoft.AspNetCore.Mvc.Infrastructure.ControllerActionInvoker.<InvokeActionMethodAsync>g__Logged|12_1(ControllerActionInvoker invoker)
   at Microsoft.AspNetCore.Mvc.Infrastructure.ControllerActionInvoker.<InvokeNextActionFilterAsync>g__Awaited|10_0(ControllerActionInvoker invoker, Task lastTask, State next, Scope scope, Object state, Boolean isCompleted)
   at Microsoft.AspNetCore.Mvc.Infrastructure.ControllerActionInvoker.Rethrow(ActionExecutedContextSealed context)
   at Microsoft.AspNetCore.Mvc.Infrastructure.ControllerActionInvoker.Next(State& next, Scope& scope, Object& state, Boolean& isCompleted)
   at Microsoft.AspNetCore.Mvc.Infrastructure.ControllerActionInvoker.<InvokeInnerFilterAsync>g__Awaited|13_0(ControllerActionInvoker invoker, Task lastTask, State next, Scope scope, Object state, Boolean isCompleted)
   at Microsoft.AspNetCore.Mvc.Infrastructure.ResourceInvoker.<InvokeNextResourceFilter>g__Awaited|25_0(ResourceInvoker invoker, Task lastTask, State next, Scope scope, Object state, Boolean isCompleted)
   at Microsoft.AspNetCore.Mvc.Infrastructure.ResourceInvoker.Rethrow(ResourceExecutedContextSealed context)
   at Microsoft.AspNetCore.Mvc.Infrastructure.ResourceInvoker.Next(State& next, Scope& scope, Object& state, Boolean& isCompleted)
   at Microsoft.AspNetCore.Mvc.Infrastructure.ResourceInvoker.<InvokeFilterPipelineAsync>g__Awaited|20_0(ResourceInvoker invoker, Task lastTask, State next, Scope scope, Object state, Boolean isCompleted)
   at Microsoft.AspNetCore.Mvc.Infrastructure.ResourceInvoker.<InvokeAsync>g__Logged|17_1(ResourceInvoker invoker)
   at Microsoft.AspNetCore.Mvc.Infrastructure.ResourceInvoker.<InvokeAsync>g__Logged|17_1(ResourceInvoker invoker)
   at Microsoft.AspNetCore.Authorization.AuthorizationMiddleware.Invoke(HttpContext context)
   at Microsoft.AspNetCore.Authentication.AuthenticationMiddleware.Invoke(HttpContext context)
   at Microsoft.AspNetCore.Session.SessionMiddleware.Invoke(HttpContext context)
   at Microsoft.AspNetCore.Session.SessionMiddleware.Invoke(HttpContext context)
   at Hotelo.Web.Middlewares.RequestLoggingMiddleware.InvokeAsync(HttpContext context) in C:\Projects\Hotelo\Hotelo.Web\Middlewares\RequestLoggingMiddleware.cs:line 20
   at Microsoft.AspNetCore.Diagnostics.DeveloperExceptionPageMiddlewareImpl.Invoke(HttpContext context)
ClientConnectionId:a07ef863-60e0-4cf0-96ae-d3dd2bc290c0
Error Number:207,State:1,Class:16
2026-06-18 10:59:53.930 +02:00 [INF] REQ GET /Dashboard [Anonyme]
2026-06-18 10:59:54.108 +02:00 [INF] REQ POST /hubs/notifications/negotiate [Anonyme]
2026-06-18 10:59:54.267 +02:00 [INF] REQ CONNECT /hubs/notifications [Anonyme]
2026-06-18 10:59:55.537 +02:00 [INF] REQ GET /Admin/Departments [Anonyme]
2026-06-18 10:59:55.609 +02:00 [ERR] Failed executing DbCommand (9ms) [Parameters=[], CommandType='"Text"', CommandTimeout='30']
SELECT [d].[Id], [d].[Description], [d].[IsActive], [d].[Name], [t].[Id], [t].[BaseSalary], [t].[ContractType], [t].[CreatedAt], [t].[CreatedBy], [t].[DepartmentId], [t].[FullName], [t].[HireDate], [t].[IsActive], [t].[IsDeleted], [t].[JobFunctionId], [t].[ModifiedAt], [t].[ModifiedBy], [t].[UserId]
FROM [Departments] AS [d]
LEFT JOIN (
    SELECT [e].[Id], [e].[BaseSalary], [e].[ContractType], [e].[CreatedAt], [e].[CreatedBy], [e].[DepartmentId], [e].[FullName], [e].[HireDate], [e].[IsActive], [e].[IsDeleted], [e].[JobFunctionId], [e].[ModifiedAt], [e].[ModifiedBy], [e].[UserId]
    FROM [Employees] AS [e]
    WHERE [e].[IsActive] = CAST(1 AS bit)
) AS [t] ON [d].[Id] = [t].[DepartmentId]
WHERE [d].[IsActive] = CAST(1 AS bit)
ORDER BY [d].[Name], [d].[Id]
2026-06-18 10:59:55.621 +02:00 [ERR] An exception occurred while iterating over the results of a query for context type 'Hotelo.Infrastructure.Data.HoteloDbContext'.
Microsoft.Data.SqlClient.SqlException (0x80131904): Invalid column name 'JobFunctionId'.
   at Microsoft.Data.SqlClient.SqlCommand.<>c.<ExecuteDbDataReaderAsync>b__211_0(Task`1 result)
   at System.Threading.Tasks.ContinuationResultTaskFromResultTask`2.InnerInvoke()
   at System.Threading.ExecutionContext.RunInternal(ExecutionContext executionContext, ContextCallback callback, Object state)
--- End of stack trace from previous location ---
   at System.Threading.ExecutionContext.RunInternal(ExecutionContext executionContext, ContextCallback callback, Object state)
   at System.Threading.Tasks.Task.ExecuteWithThreadLocal(Task& currentTaskSlot, Thread threadPoolThread)
--- End of stack trace from previous location ---
   at Microsoft.EntityFrameworkCore.Storage.RelationalCommand.ExecuteReaderAsync(RelationalCommandParameterObject parameterObject, CancellationToken cancellationToken)
   at Microsoft.EntityFrameworkCore.Storage.RelationalCommand.ExecuteReaderAsync(RelationalCommandParameterObject parameterObject, CancellationToken cancellationToken)
   at Microsoft.EntityFrameworkCore.Query.Internal.SingleQueryingEnumerable`1.AsyncEnumerator.InitializeReaderAsync(AsyncEnumerator enumerator, CancellationToken cancellationToken)
   at Microsoft.EntityFrameworkCore.SqlServer.Storage.Internal.SqlServerExecutionStrategy.ExecuteAsync[TState,TResult](TState state, Func`4 operation, Func`4 verifySucceeded, CancellationToken cancellationToken)
   at Microsoft.EntityFrameworkCore.Query.Internal.SingleQueryingEnumerable`1.AsyncEnumerator.MoveNextAsync()
ClientConnectionId:a07ef863-60e0-4cf0-96ae-d3dd2bc290c0
Error Number:207,State:1,Class:16
Microsoft.Data.SqlClient.SqlException (0x80131904): Invalid column name 'JobFunctionId'.
   at Microsoft.Data.SqlClient.SqlCommand.<>c.<ExecuteDbDataReaderAsync>b__211_0(Task`1 result)
   at System.Threading.Tasks.ContinuationResultTaskFromResultTask`2.InnerInvoke()
   at System.Threading.ExecutionContext.RunInternal(ExecutionContext executionContext, ContextCallback callback, Object state)
--- End of stack trace from previous location ---
   at System.Threading.ExecutionContext.RunInternal(ExecutionContext executionContext, ContextCallback callback, Object state)
   at System.Threading.Tasks.Task.ExecuteWithThreadLocal(Task& currentTaskSlot, Thread threadPoolThread)
--- End of stack trace from previous location ---
   at Microsoft.EntityFrameworkCore.Storage.RelationalCommand.ExecuteReaderAsync(RelationalCommandParameterObject parameterObject, CancellationToken cancellationToken)
   at Microsoft.EntityFrameworkCore.Storage.RelationalCommand.ExecuteReaderAsync(RelationalCommandParameterObject parameterObject, CancellationToken cancellationToken)
   at Microsoft.EntityFrameworkCore.Query.Internal.SingleQueryingEnumerable`1.AsyncEnumerator.InitializeReaderAsync(AsyncEnumerator enumerator, CancellationToken cancellationToken)
   at Microsoft.EntityFrameworkCore.SqlServer.Storage.Internal.SqlServerExecutionStrategy.ExecuteAsync[TState,TResult](TState state, Func`4 operation, Func`4 verifySucceeded, CancellationToken cancellationToken)
   at Microsoft.EntityFrameworkCore.Query.Internal.SingleQueryingEnumerable`1.AsyncEnumerator.MoveNextAsync()
ClientConnectionId:a07ef863-60e0-4cf0-96ae-d3dd2bc290c0
Error Number:207,State:1,Class:16
2026-06-18 10:59:56.214 +02:00 [ERR] An unhandled exception has occurred while executing the request.
Microsoft.Data.SqlClient.SqlException (0x80131904): Invalid column name 'JobFunctionId'.
   at Microsoft.Data.SqlClient.SqlCommand.<>c.<ExecuteDbDataReaderAsync>b__211_0(Task`1 result)
   at System.Threading.Tasks.ContinuationResultTaskFromResultTask`2.InnerInvoke()
   at System.Threading.ExecutionContext.RunInternal(ExecutionContext executionContext, ContextCallback callback, Object state)
--- End of stack trace from previous location ---
   at System.Threading.ExecutionContext.RunInternal(ExecutionContext executionContext, ContextCallback callback, Object state)
   at System.Threading.Tasks.Task.ExecuteWithThreadLocal(Task& currentTaskSlot, Thread threadPoolThread)
--- End of stack trace from previous location ---
   at Microsoft.EntityFrameworkCore.Storage.RelationalCommand.ExecuteReaderAsync(RelationalCommandParameterObject parameterObject, CancellationToken cancellationToken)
   at Microsoft.EntityFrameworkCore.Storage.RelationalCommand.ExecuteReaderAsync(RelationalCommandParameterObject parameterObject, CancellationToken cancellationToken)
   at Microsoft.EntityFrameworkCore.Query.Internal.SingleQueryingEnumerable`1.AsyncEnumerator.InitializeReaderAsync(AsyncEnumerator enumerator, CancellationToken cancellationToken)
   at Microsoft.EntityFrameworkCore.SqlServer.Storage.Internal.SqlServerExecutionStrategy.ExecuteAsync[TState,TResult](TState state, Func`4 operation, Func`4 verifySucceeded, CancellationToken cancellationToken)
   at Microsoft.EntityFrameworkCore.Query.Internal.SingleQueryingEnumerable`1.AsyncEnumerator.MoveNextAsync()
   at Microsoft.EntityFrameworkCore.EntityFrameworkQueryableExtensions.ToListAsync[TSource](IQueryable`1 source, CancellationToken cancellationToken)
   at Microsoft.EntityFrameworkCore.EntityFrameworkQueryableExtensions.ToListAsync[TSource](IQueryable`1 source, CancellationToken cancellationToken)
   at Hotelo.Infrastructure.Repositories.HRRepository.GetAllDepartmentsAsync() in C:\Projects\Hotelo\Hotelo.Infrastructure\Repositories\HRRepository.cs:line 32
   at Hotelo.Infrastructure.Services.HRService.GetAllDepartmentsAsync() in C:\Projects\Hotelo\Hotelo.Infrastructure\Services\HRService.cs:line 53
   at Hotelo.Web.Areas.Admin.Controllers.DepartmentsController.Index() in C:\Projects\Hotelo\Hotelo.Web\Areas\Admin\Controllers\DepartmentsController.cs:line 23
   at Microsoft.AspNetCore.Mvc.Infrastructure.ActionMethodExecutor.TaskOfIActionResultExecutor.Execute(ActionContext actionContext, IActionResultTypeMapper mapper, ObjectMethodExecutor executor, Object controller, Object[] arguments)
   at Microsoft.AspNetCore.Mvc.Infrastructure.ControllerActionInvoker.<InvokeActionMethodAsync>g__Logged|12_1(ControllerActionInvoker invoker)
   at Microsoft.AspNetCore.Mvc.Infrastructure.ControllerActionInvoker.<InvokeNextActionFilterAsync>g__Awaited|10_0(ControllerActionInvoker invoker, Task lastTask, State next, Scope scope, Object state, Boolean isCompleted)
   at Microsoft.AspNetCore.Mvc.Infrastructure.ControllerActionInvoker.Rethrow(ActionExecutedContextSealed context)
   at Microsoft.AspNetCore.Mvc.Infrastructure.ControllerActionInvoker.Next(State& next, Scope& scope, Object& state, Boolean& isCompleted)
   at Microsoft.AspNetCore.Mvc.Infrastructure.ControllerActionInvoker.<InvokeInnerFilterAsync>g__Awaited|13_0(ControllerActionInvoker invoker, Task lastTask, State next, Scope scope, Object state, Boolean isCompleted)
   at Microsoft.AspNetCore.Mvc.Infrastructure.ResourceInvoker.<InvokeNextResourceFilter>g__Awaited|25_0(ResourceInvoker invoker, Task lastTask, State next, Scope scope, Object state, Boolean isCompleted)
   at Microsoft.AspNetCore.Mvc.Infrastructure.ResourceInvoker.Rethrow(ResourceExecutedContextSealed context)
   at Microsoft.AspNetCore.Mvc.Infrastructure.ResourceInvoker.Next(State& next, Scope& scope, Object& state, Boolean& isCompleted)
   at Microsoft.AspNetCore.Mvc.Infrastructure.ResourceInvoker.<InvokeFilterPipelineAsync>g__Awaited|20_0(ResourceInvoker invoker, Task lastTask, State next, Scope scope, Object state, Boolean isCompleted)
   at Microsoft.AspNetCore.Mvc.Infrastructure.ResourceInvoker.<InvokeAsync>g__Logged|17_1(ResourceInvoker invoker)
   at Microsoft.AspNetCore.Mvc.Infrastructure.ResourceInvoker.<InvokeAsync>g__Logged|17_1(ResourceInvoker invoker)
   at Microsoft.AspNetCore.Authorization.AuthorizationMiddleware.Invoke(HttpContext context)
   at Microsoft.AspNetCore.Authentication.AuthenticationMiddleware.Invoke(HttpContext context)
   at Microsoft.AspNetCore.Session.SessionMiddleware.Invoke(HttpContext context)
   at Microsoft.AspNetCore.Session.SessionMiddleware.Invoke(HttpContext context)
   at Hotelo.Web.Middlewares.RequestLoggingMiddleware.InvokeAsync(HttpContext context) in C:\Projects\Hotelo\Hotelo.Web\Middlewares\RequestLoggingMiddleware.cs:line 20
   at Microsoft.AspNetCore.Diagnostics.DeveloperExceptionPageMiddlewareImpl.Invoke(HttpContext context)
ClientConnectionId:a07ef863-60e0-4cf0-96ae-d3dd2bc290c0
Error Number:207,State:1,Class:16
