2026-06-17 20:47:29.688 +02:00 [WRN] Entity 'Reservation' has a global query filter defined and is the required end of a relationship with the entity 'Invoice'. This may lead to unexpected results when the required entity is filtered out. Either configure the navigation as optional, or define matching query filters for both entities in the navigation. See https://go.microsoft.com/fwlink/?linkid=2131316 for more information.
2026-06-17 20:47:30.036 +02:00 [WRN] Entity 'Reservation' has a global query filter defined and is the required end of a relationship with the entity 'Invoice'. This may lead to unexpected results when the required entity is filtered out. Either configure the navigation as optional, or define matching query filters for both entities in the navigation. See https://go.microsoft.com/fwlink/?linkid=2131316 for more information.
2026-06-17 20:54:06.312 +02:00 [WRN] Entity 'Reservation' has a global query filter defined and is the required end of a relationship with the entity 'Invoice'. This may lead to unexpected results when the required entity is filtered out. Either configure the navigation as optional, or define matching query filters for both entities in the navigation. See https://go.microsoft.com/fwlink/?linkid=2131316 for more information.
2026-06-17 20:54:07.894 +02:00 [ERR] Failed executing DbCommand (7ms) [Parameters=[], CommandType='"Text"', CommandTimeout='30']
SELECT CASE
    WHEN EXISTS (
        SELECT 1
        FROM [AppModules] AS [a]) THEN CAST(1 AS bit)
    ELSE CAST(0 AS bit)
END
2026-06-17 20:54:07.926 +02:00 [ERR] An exception occurred while iterating over the results of a query for context type 'Hotelo.Infrastructure.Data.HoteloDbContext'.
Microsoft.Data.SqlClient.SqlException (0x80131904): Invalid object name 'AppModules'.
   at Microsoft.Data.SqlClient.SqlConnection.OnError(SqlException exception, Boolean breakConnection, Action`1 wrapCloseInAction)
   at Microsoft.Data.SqlClient.SqlInternalConnection.OnError(SqlException exception, Boolean breakConnection, Action`1 wrapCloseInAction)
   at Microsoft.Data.SqlClient.TdsParser.ThrowExceptionAndWarning(TdsParserStateObject stateObj, Boolean callerHasConnectionLock, Boolean asyncClose)
   at Microsoft.Data.SqlClient.TdsParser.TryRun(RunBehavior runBehavior, SqlCommand cmdHandler, SqlDataReader dataStream, BulkCopySimpleResultSet bulkCopyHandler, TdsParserStateObject stateObj, Boolean& dataReady)
   at Microsoft.Data.SqlClient.SqlDataReader.TryConsumeMetaData()
   at Microsoft.Data.SqlClient.SqlDataReader.get_MetaData()
   at Microsoft.Data.SqlClient.SqlCommand.FinishExecuteReader(SqlDataReader ds, RunBehavior runBehavior, String resetOptionsString, Boolean isInternal, Boolean forDescribeParameterEncryption, Boolean shouldCacheForAlwaysEncrypted)
   at Microsoft.Data.SqlClient.SqlCommand.RunExecuteReaderTds(CommandBehavior cmdBehavior, RunBehavior runBehavior, Boolean returnStream, Boolean isAsync, Int32 timeout, Task& task, Boolean asyncWrite, Boolean inRetry, SqlDataReader ds, Boolean describeParameterEncryptionRequest)
   at Microsoft.Data.SqlClient.SqlCommand.RunExecuteReader(CommandBehavior cmdBehavior, RunBehavior runBehavior, Boolean returnStream, TaskCompletionSource`1 completion, Int32 timeout, Task& task, Boolean& usedCache, Boolean asyncWrite, Boolean inRetry, String method)
   at Microsoft.Data.SqlClient.SqlCommand.RunExecuteReader(CommandBehavior cmdBehavior, RunBehavior runBehavior, Boolean returnStream, String method)
   at Microsoft.Data.SqlClient.SqlCommand.ExecuteReader(CommandBehavior behavior)
   at Microsoft.Data.SqlClient.SqlCommand.ExecuteDbDataReader(CommandBehavior behavior)
   at Microsoft.EntityFrameworkCore.Storage.RelationalCommand.ExecuteReader(RelationalCommandParameterObject parameterObject)
   at Microsoft.EntityFrameworkCore.Query.Internal.SingleQueryingEnumerable`1.Enumerator.InitializeReader(Enumerator enumerator)
   at Microsoft.EntityFrameworkCore.Query.Internal.SingleQueryingEnumerable`1.Enumerator.<>c.<MoveNext>b__21_0(DbContext _, Enumerator enumerator)
   at Microsoft.EntityFrameworkCore.SqlServer.Storage.Internal.SqlServerExecutionStrategy.Execute[TState,TResult](TState state, Func`3 operation, Func`3 verifySucceeded)
   at Microsoft.EntityFrameworkCore.Query.Internal.SingleQueryingEnumerable`1.Enumerator.MoveNext()
ClientConnectionId:8fa4df96-1a44-44ee-a419-0eb75d3d0155
Error Number:208,State:1,Class:16
Microsoft.Data.SqlClient.SqlException (0x80131904): Invalid object name 'AppModules'.
   at Microsoft.Data.SqlClient.SqlConnection.OnError(SqlException exception, Boolean breakConnection, Action`1 wrapCloseInAction)
   at Microsoft.Data.SqlClient.SqlInternalConnection.OnError(SqlException exception, Boolean breakConnection, Action`1 wrapCloseInAction)
   at Microsoft.Data.SqlClient.TdsParser.ThrowExceptionAndWarning(TdsParserStateObject stateObj, Boolean callerHasConnectionLock, Boolean asyncClose)
   at Microsoft.Data.SqlClient.TdsParser.TryRun(RunBehavior runBehavior, SqlCommand cmdHandler, SqlDataReader dataStream, BulkCopySimpleResultSet bulkCopyHandler, TdsParserStateObject stateObj, Boolean& dataReady)
   at Microsoft.Data.SqlClient.SqlDataReader.TryConsumeMetaData()
   at Microsoft.Data.SqlClient.SqlDataReader.get_MetaData()
   at Microsoft.Data.SqlClient.SqlCommand.FinishExecuteReader(SqlDataReader ds, RunBehavior runBehavior, String resetOptionsString, Boolean isInternal, Boolean forDescribeParameterEncryption, Boolean shouldCacheForAlwaysEncrypted)
   at Microsoft.Data.SqlClient.SqlCommand.RunExecuteReaderTds(CommandBehavior cmdBehavior, RunBehavior runBehavior, Boolean returnStream, Boolean isAsync, Int32 timeout, Task& task, Boolean asyncWrite, Boolean inRetry, SqlDataReader ds, Boolean describeParameterEncryptionRequest)
   at Microsoft.Data.SqlClient.SqlCommand.RunExecuteReader(CommandBehavior cmdBehavior, RunBehavior runBehavior, Boolean returnStream, TaskCompletionSource`1 completion, Int32 timeout, Task& task, Boolean& usedCache, Boolean asyncWrite, Boolean inRetry, String method)
   at Microsoft.Data.SqlClient.SqlCommand.RunExecuteReader(CommandBehavior cmdBehavior, RunBehavior runBehavior, Boolean returnStream, String method)
   at Microsoft.Data.SqlClient.SqlCommand.ExecuteReader(CommandBehavior behavior)
   at Microsoft.Data.SqlClient.SqlCommand.ExecuteDbDataReader(CommandBehavior behavior)
   at Microsoft.EntityFrameworkCore.Storage.RelationalCommand.ExecuteReader(RelationalCommandParameterObject parameterObject)
   at Microsoft.EntityFrameworkCore.Query.Internal.SingleQueryingEnumerable`1.Enumerator.InitializeReader(Enumerator enumerator)
   at Microsoft.EntityFrameworkCore.Query.Internal.SingleQueryingEnumerable`1.Enumerator.<>c.<MoveNext>b__21_0(DbContext _, Enumerator enumerator)
   at Microsoft.EntityFrameworkCore.SqlServer.Storage.Internal.SqlServerExecutionStrategy.Execute[TState,TResult](TState state, Func`3 operation, Func`3 verifySucceeded)
   at Microsoft.EntityFrameworkCore.Query.Internal.SingleQueryingEnumerable`1.Enumerator.MoveNext()
ClientConnectionId:8fa4df96-1a44-44ee-a419-0eb75d3d0155
Error Number:208,State:1,Class:16
2026-06-17 20:54:08.060 +02:00 [ERR] Erreur initialisation DB
Microsoft.Data.SqlClient.SqlException (0x80131904): Invalid object name 'AppModules'.
   at Microsoft.Data.SqlClient.SqlConnection.OnError(SqlException exception, Boolean breakConnection, Action`1 wrapCloseInAction)
   at Microsoft.Data.SqlClient.SqlInternalConnection.OnError(SqlException exception, Boolean breakConnection, Action`1 wrapCloseInAction)
   at Microsoft.Data.SqlClient.TdsParser.ThrowExceptionAndWarning(TdsParserStateObject stateObj, Boolean callerHasConnectionLock, Boolean asyncClose)
   at Microsoft.Data.SqlClient.TdsParser.TryRun(RunBehavior runBehavior, SqlCommand cmdHandler, SqlDataReader dataStream, BulkCopySimpleResultSet bulkCopyHandler, TdsParserStateObject stateObj, Boolean& dataReady)
   at Microsoft.Data.SqlClient.SqlDataReader.TryConsumeMetaData()
   at Microsoft.Data.SqlClient.SqlDataReader.get_MetaData()
   at Microsoft.Data.SqlClient.SqlCommand.FinishExecuteReader(SqlDataReader ds, RunBehavior runBehavior, String resetOptionsString, Boolean isInternal, Boolean forDescribeParameterEncryption, Boolean shouldCacheForAlwaysEncrypted)
   at Microsoft.Data.SqlClient.SqlCommand.RunExecuteReaderTds(CommandBehavior cmdBehavior, RunBehavior runBehavior, Boolean returnStream, Boolean isAsync, Int32 timeout, Task& task, Boolean asyncWrite, Boolean inRetry, SqlDataReader ds, Boolean describeParameterEncryptionRequest)
   at Microsoft.Data.SqlClient.SqlCommand.RunExecuteReader(CommandBehavior cmdBehavior, RunBehavior runBehavior, Boolean returnStream, TaskCompletionSource`1 completion, Int32 timeout, Task& task, Boolean& usedCache, Boolean asyncWrite, Boolean inRetry, String method)
   at Microsoft.Data.SqlClient.SqlCommand.RunExecuteReader(CommandBehavior cmdBehavior, RunBehavior runBehavior, Boolean returnStream, String method)
   at Microsoft.Data.SqlClient.SqlCommand.ExecuteReader(CommandBehavior behavior)
   at Microsoft.Data.SqlClient.SqlCommand.ExecuteDbDataReader(CommandBehavior behavior)
   at Microsoft.EntityFrameworkCore.Storage.RelationalCommand.ExecuteReader(RelationalCommandParameterObject parameterObject)
   at Microsoft.EntityFrameworkCore.Query.Internal.SingleQueryingEnumerable`1.Enumerator.InitializeReader(Enumerator enumerator)
   at Microsoft.EntityFrameworkCore.Query.Internal.SingleQueryingEnumerable`1.Enumerator.<>c.<MoveNext>b__21_0(DbContext _, Enumerator enumerator)
   at Microsoft.EntityFrameworkCore.SqlServer.Storage.Internal.SqlServerExecutionStrategy.Execute[TState,TResult](TState state, Func`3 operation, Func`3 verifySucceeded)
   at Microsoft.EntityFrameworkCore.Query.Internal.SingleQueryingEnumerable`1.Enumerator.MoveNext()
   at System.Linq.Enumerable.TryGetSingle[TSource](IEnumerable`1 source, Boolean& found)
   at lambda_method221(Closure, QueryContext)
   at Microsoft.EntityFrameworkCore.Query.Internal.QueryCompiler.Execute[TResult](Expression query)
   at Microsoft.EntityFrameworkCore.Query.Internal.EntityQueryProvider.Execute[TResult](Expression expression)
   at Hotelo.Infrastructure.Data.SeedData.AdminSeed.SeedAsync(HoteloDbContext context) in C:\Projects\Hotelo\Hotelo.Infrastructure\Data\SeedData\AdminSeed.cs:line 11
   at Program.<Main>$(String[] args) in C:\Projects\Hotelo\Hotelo.Web\Program.cs:line 56
ClientConnectionId:8fa4df96-1a44-44ee-a419-0eb75d3d0155
Error Number:208,State:1,Class:16
2026-06-17 20:54:08.159 +02:00 [INF] Start installing Hangfire SQL objects...
2026-06-17 20:54:08.365 +02:00 [INF] Hangfire SQL objects installed.
2026-06-17 20:54:09.347 +02:00 [INF] Starting Hangfire Server using job storage: 'SQL Server: ASTRA\SQLEXPRESS@hoteloDB'
2026-06-17 20:54:09.350 +02:00 [INF] Using the following options for SQL Server job storage: Queue poll interval: 00:00:00.
2026-06-17 20:54:09.352 +02:00 [INF] Using the following options for Hangfire Server:
    Worker count: 20
    Listening queues: 'default'
    Shutdown timeout: 00:00:15
    Schedule polling interval: 00:00:15
2026-06-17 20:54:09.399 +02:00 [INF] Server astra:12728:4b64221d successfully announced in 19,4634 ms
2026-06-17 20:54:09.409 +02:00 [INF] Server astra:12728:4b64221d is starting the registered dispatchers: ServerWatchdog, ServerJobCancellationWatcher, ExpirationManager, CountersAggregator, SqlServerHeartbeatProcess, Worker, DelayedJobScheduler, RecurringJobScheduler...
2026-06-17 20:54:09.633 +02:00 [INF] Server astra:12728:4b64221d all the dispatchers started
2026-06-17 20:54:09.978 +02:00 [INF] REQ GET / [Anonyme]
2026-06-17 20:54:10.347 +02:00 [INF] REQ GET /Dashboard [Anonyme]
2026-06-17 20:54:11.440 +02:00 [INF] REQ POST /hubs/notifications/negotiate [Anonyme]
2026-06-17 20:54:11.851 +02:00 [INF] REQ CONNECT /hubs/notifications [Anonyme]
2026-06-17 20:54:15.919 +02:00 [INF] REQ GET /Admin/Departments [Anonyme]
2026-06-17 20:54:16.118 +02:00 [ERR] Failed executing DbCommand (5ms) [Parameters=[], CommandType='"Text"', CommandTimeout='30']
SELECT [j].[Id], [j].[Name], [j].[Description], [j].[DepartmentId], [d].[Name] AS [DepartmentName], [j].[IsActive], (
    SELECT COUNT(*)
    FROM [UserJobFunctions] AS [u]
    WHERE [u].[JobFunctionId] = [j].[Id]) AS [UsersCount]
FROM [JobFunctions] AS [j]
INNER JOIN [Departments] AS [d] ON [j].[DepartmentId] = [d].[Id]
ORDER BY [d].[Name], [j].[Name]
2026-06-17 20:54:16.127 +02:00 [ERR] An exception occurred while iterating over the results of a query for context type 'Hotelo.Infrastructure.Data.HoteloDbContext'.
Microsoft.Data.SqlClient.SqlException (0x80131904): Invalid object name 'JobFunctions'.
   at Microsoft.Data.SqlClient.SqlCommand.<>c.<ExecuteDbDataReaderAsync>b__211_0(Task`1 result)
   at System.Threading.Tasks.ContinuationResultTaskFromResultTask`2.InnerInvoke()
   at System.Threading.ExecutionContext.RunInternal(ExecutionContext executionContext, ContextCallback callback, Object state)
--- End of stack trace from previous location ---
   at System.Threading.ExecutionContext.RunInternal(ExecutionContext executionContext, ContextCallback callback, Object state)
   at System.Threading.Tasks.Task.ExecuteWithThreadLocal(Task& currentTaskSlot, Thread threadPoolThread)
--- End of stack trace from previous location ---
   at Microsoft.EntityFrameworkCore.Storage.RelationalCommand.ExecuteReaderAsync(RelationalCommandParameterObject parameterObject, CancellationToken cancellationToken)
   at Microsoft.EntityFrameworkCore.Storage.RelationalCommand.ExecuteReaderAsync(RelationalCommandParameterObject parameterObject, CancellationToken cancellationToken)
   at Microsoft.EntityFrameworkCore.Query.Internal.SingleQueryingEnumerable`1.AsyncEnumerator.InitializeReaderAsync(AsyncEnumerator enumerator, CancellationToken cancellationToken)
   at Microsoft.EntityFrameworkCore.SqlServer.Storage.Internal.SqlServerExecutionStrategy.ExecuteAsync[TState,TResult](TState state, Func`4 operation, Func`4 verifySucceeded, CancellationToken cancellationToken)
   at Microsoft.EntityFrameworkCore.Query.Internal.SingleQueryingEnumerable`1.AsyncEnumerator.MoveNextAsync()
ClientConnectionId:299becc0-20ec-4d8f-8464-eeacee310529
Error Number:208,State:1,Class:16
Microsoft.Data.SqlClient.SqlException (0x80131904): Invalid object name 'JobFunctions'.
   at Microsoft.Data.SqlClient.SqlCommand.<>c.<ExecuteDbDataReaderAsync>b__211_0(Task`1 result)
   at System.Threading.Tasks.ContinuationResultTaskFromResultTask`2.InnerInvoke()
   at System.Threading.ExecutionContext.RunInternal(ExecutionContext executionContext, ContextCallback callback, Object state)
--- End of stack trace from previous location ---
   at System.Threading.ExecutionContext.RunInternal(ExecutionContext executionContext, ContextCallback callback, Object state)
   at System.Threading.Tasks.Task.ExecuteWithThreadLocal(Task& currentTaskSlot, Thread threadPoolThread)
--- End of stack trace from previous location ---
   at Microsoft.EntityFrameworkCore.Storage.RelationalCommand.ExecuteReaderAsync(RelationalCommandParameterObject parameterObject, CancellationToken cancellationToken)
   at Microsoft.EntityFrameworkCore.Storage.RelationalCommand.ExecuteReaderAsync(RelationalCommandParameterObject parameterObject, CancellationToken cancellationToken)
   at Microsoft.EntityFrameworkCore.Query.Internal.SingleQueryingEnumerable`1.AsyncEnumerator.InitializeReaderAsync(AsyncEnumerator enumerator, CancellationToken cancellationToken)
   at Microsoft.EntityFrameworkCore.SqlServer.Storage.Internal.SqlServerExecutionStrategy.ExecuteAsync[TState,TResult](TState state, Func`4 operation, Func`4 verifySucceeded, CancellationToken cancellationToken)
   at Microsoft.EntityFrameworkCore.Query.Internal.SingleQueryingEnumerable`1.AsyncEnumerator.MoveNextAsync()
ClientConnectionId:299becc0-20ec-4d8f-8464-eeacee310529
Error Number:208,State:1,Class:16
2026-06-17 20:54:16.424 +02:00 [ERR] An unhandled exception has occurred while executing the request.
Microsoft.Data.SqlClient.SqlException (0x80131904): Invalid object name 'JobFunctions'.
   at Microsoft.Data.SqlClient.SqlCommand.<>c.<ExecuteDbDataReaderAsync>b__211_0(Task`1 result)
   at System.Threading.Tasks.ContinuationResultTaskFromResultTask`2.InnerInvoke()
   at System.Threading.ExecutionContext.RunInternal(ExecutionContext executionContext, ContextCallback callback, Object state)
--- End of stack trace from previous location ---
   at System.Threading.ExecutionContext.RunInternal(ExecutionContext executionContext, ContextCallback callback, Object state)
   at System.Threading.Tasks.Task.ExecuteWithThreadLocal(Task& currentTaskSlot, Thread threadPoolThread)
--- End of stack trace from previous location ---
   at Microsoft.EntityFrameworkCore.Storage.RelationalCommand.ExecuteReaderAsync(RelationalCommandParameterObject parameterObject, CancellationToken cancellationToken)
   at Microsoft.EntityFrameworkCore.Storage.RelationalCommand.ExecuteReaderAsync(RelationalCommandParameterObject parameterObject, CancellationToken cancellationToken)
   at Microsoft.EntityFrameworkCore.Query.Internal.SingleQueryingEnumerable`1.AsyncEnumerator.InitializeReaderAsync(AsyncEnumerator enumerator, CancellationToken cancellationToken)
   at Microsoft.EntityFrameworkCore.SqlServer.Storage.Internal.SqlServerExecutionStrategy.ExecuteAsync[TState,TResult](TState state, Func`4 operation, Func`4 verifySucceeded, CancellationToken cancellationToken)
   at Microsoft.EntityFrameworkCore.Query.Internal.SingleQueryingEnumerable`1.AsyncEnumerator.MoveNextAsync()
   at Microsoft.EntityFrameworkCore.EntityFrameworkQueryableExtensions.ToListAsync[TSource](IQueryable`1 source, CancellationToken cancellationToken)
   at Microsoft.EntityFrameworkCore.EntityFrameworkQueryableExtensions.ToListAsync[TSource](IQueryable`1 source, CancellationToken cancellationToken)
   at Hotelo.Infrastructure.Services.AdminService.GetAllFunctionsAsync() in C:\Projects\Hotelo\Hotelo.Infrastructure\Services\AdminService.cs:line 16
   at Hotelo.Web.Areas.Admin.Controllers.DepartmentsController.Index() in C:\Projects\Hotelo\Hotelo.Web\Areas\Admin\Controllers\DepartmentsController.cs:line 23
   at Microsoft.AspNetCore.Mvc.Infrastructure.ActionMethodExecutor.TaskOfIActionResultExecutor.Execute(ActionContext actionContext, IActionResultTypeMapper mapper, ObjectMethodExecutor executor, Object controller, Object[] arguments)
   at Microsoft.AspNetCore.Mvc.Infrastructure.ControllerActionInvoker.<InvokeActionMethodAsync>g__Logged|12_1(ControllerActionInvoker invoker)
   at Microsoft.AspNetCore.Mvc.Infrastructure.ControllerActionInvoker.<InvokeNextActionFilterAsync>g__Awaited|10_0(ControllerActionInvoker invoker, Task lastTask, State next, Scope scope, Object state, Boolean isCompleted)
   at Microsoft.AspNetCore.Mvc.Infrastructure.ControllerActionInvoker.Rethrow(ActionExecutedContextSealed context)
   at Microsoft.AspNetCore.Mvc.Infrastructure.ControllerActionInvoker.Next(State& next, Scope& scope, Object& state, Boolean& isCompleted)
   at Microsoft.AspNetCore.Mvc.Infrastructure.ControllerActionInvoker.<InvokeInnerFilterAsync>g__Awaited|13_0(ControllerActionInvoker invoker, Task lastTask, State next, Scope scope, Object state, Boolean isCompleted)
   at Microsoft.AspNetCore.Mvc.Infrastructure.ResourceInvoker.<InvokeNextResourceFilter>g__Awaited|25_0(ResourceInvoker invoker, Task lastTask, State next, Scope scope, Object state, Boolean isCompleted)
   at Microsoft.AspNetCore.Mvc.Infrastructure.ResourceInvoker.Rethrow(ResourceExecutedContextSealed context)
   at Microsoft.AspNetCore.Mvc.Infrastructure.ResourceInvoker.Next(State& next, Scope& scope, Object& state, Boolean& isCompleted)
   at Microsoft.AspNetCore.Mvc.Infrastructure.ResourceInvoker.<InvokeFilterPipelineAsync>g__Awaited|20_0(ResourceInvoker invoker, Task lastTask, State next, Scope scope, Object state, Boolean isCompleted)
   at Microsoft.AspNetCore.Mvc.Infrastructure.ResourceInvoker.<InvokeAsync>g__Logged|17_1(ResourceInvoker invoker)
   at Microsoft.AspNetCore.Mvc.Infrastructure.ResourceInvoker.<InvokeAsync>g__Logged|17_1(ResourceInvoker invoker)
   at Microsoft.AspNetCore.Authorization.AuthorizationMiddleware.Invoke(HttpContext context)
   at Microsoft.AspNetCore.Authentication.AuthenticationMiddleware.Invoke(HttpContext context)
   at Microsoft.AspNetCore.Session.SessionMiddleware.Invoke(HttpContext context)
   at Microsoft.AspNetCore.Session.SessionMiddleware.Invoke(HttpContext context)
   at Hotelo.Web.Middlewares.RequestLoggingMiddleware.InvokeAsync(HttpContext context) in C:\Projects\Hotelo\Hotelo.Web\Middlewares\RequestLoggingMiddleware.cs:line 20
   at Microsoft.AspNetCore.Diagnostics.DeveloperExceptionPageMiddlewareImpl.Invoke(HttpContext context)
ClientConnectionId:299becc0-20ec-4d8f-8464-eeacee310529
Error Number:208,State:1,Class:16
2026-06-17 20:56:41.189 +02:00 [WRN] Entity 'Reservation' has a global query filter defined and is the required end of a relationship with the entity 'Invoice'. This may lead to unexpected results when the required entity is filtered out. Either configure the navigation as optional, or define matching query filters for both entities in the navigation. See https://go.microsoft.com/fwlink/?linkid=2131316 for more information.
2026-06-17 20:56:42.781 +02:00 [ERR] Failed executing DbCommand (5ms) [Parameters=[], CommandType='"Text"', CommandTimeout='30']
SELECT CASE
    WHEN EXISTS (
        SELECT 1
        FROM [AppModules] AS [a]) THEN CAST(1 AS bit)
    ELSE CAST(0 AS bit)
END
2026-06-17 20:56:42.806 +02:00 [ERR] An exception occurred while iterating over the results of a query for context type 'Hotelo.Infrastructure.Data.HoteloDbContext'.
Microsoft.Data.SqlClient.SqlException (0x80131904): Invalid object name 'AppModules'.
   at Microsoft.Data.SqlClient.SqlConnection.OnError(SqlException exception, Boolean breakConnection, Action`1 wrapCloseInAction)
   at Microsoft.Data.SqlClient.SqlInternalConnection.OnError(SqlException exception, Boolean breakConnection, Action`1 wrapCloseInAction)
   at Microsoft.Data.SqlClient.TdsParser.ThrowExceptionAndWarning(TdsParserStateObject stateObj, Boolean callerHasConnectionLock, Boolean asyncClose)
   at Microsoft.Data.SqlClient.TdsParser.TryRun(RunBehavior runBehavior, SqlCommand cmdHandler, SqlDataReader dataStream, BulkCopySimpleResultSet bulkCopyHandler, TdsParserStateObject stateObj, Boolean& dataReady)
   at Microsoft.Data.SqlClient.SqlDataReader.TryConsumeMetaData()
   at Microsoft.Data.SqlClient.SqlDataReader.get_MetaData()
   at Microsoft.Data.SqlClient.SqlCommand.FinishExecuteReader(SqlDataReader ds, RunBehavior runBehavior, String resetOptionsString, Boolean isInternal, Boolean forDescribeParameterEncryption, Boolean shouldCacheForAlwaysEncrypted)
   at Microsoft.Data.SqlClient.SqlCommand.RunExecuteReaderTds(CommandBehavior cmdBehavior, RunBehavior runBehavior, Boolean returnStream, Boolean isAsync, Int32 timeout, Task& task, Boolean asyncWrite, Boolean inRetry, SqlDataReader ds, Boolean describeParameterEncryptionRequest)
   at Microsoft.Data.SqlClient.SqlCommand.RunExecuteReader(CommandBehavior cmdBehavior, RunBehavior runBehavior, Boolean returnStream, TaskCompletionSource`1 completion, Int32 timeout, Task& task, Boolean& usedCache, Boolean asyncWrite, Boolean inRetry, String method)
   at Microsoft.Data.SqlClient.SqlCommand.RunExecuteReader(CommandBehavior cmdBehavior, RunBehavior runBehavior, Boolean returnStream, String method)
   at Microsoft.Data.SqlClient.SqlCommand.ExecuteReader(CommandBehavior behavior)
   at Microsoft.Data.SqlClient.SqlCommand.ExecuteDbDataReader(CommandBehavior behavior)
   at Microsoft.EntityFrameworkCore.Storage.RelationalCommand.ExecuteReader(RelationalCommandParameterObject parameterObject)
   at Microsoft.EntityFrameworkCore.Query.Internal.SingleQueryingEnumerable`1.Enumerator.InitializeReader(Enumerator enumerator)
   at Microsoft.EntityFrameworkCore.Query.Internal.SingleQueryingEnumerable`1.Enumerator.<>c.<MoveNext>b__21_0(DbContext _, Enumerator enumerator)
   at Microsoft.EntityFrameworkCore.SqlServer.Storage.Internal.SqlServerExecutionStrategy.Execute[TState,TResult](TState state, Func`3 operation, Func`3 verifySucceeded)
   at Microsoft.EntityFrameworkCore.Query.Internal.SingleQueryingEnumerable`1.Enumerator.MoveNext()
ClientConnectionId:6b597803-3c2f-4826-a20b-617886e97c47
Error Number:208,State:1,Class:16
Microsoft.Data.SqlClient.SqlException (0x80131904): Invalid object name 'AppModules'.
   at Microsoft.Data.SqlClient.SqlConnection.OnError(SqlException exception, Boolean breakConnection, Action`1 wrapCloseInAction)
   at Microsoft.Data.SqlClient.SqlInternalConnection.OnError(SqlException exception, Boolean breakConnection, Action`1 wrapCloseInAction)
   at Microsoft.Data.SqlClient.TdsParser.ThrowExceptionAndWarning(TdsParserStateObject stateObj, Boolean callerHasConnectionLock, Boolean asyncClose)
   at Microsoft.Data.SqlClient.TdsParser.TryRun(RunBehavior runBehavior, SqlCommand cmdHandler, SqlDataReader dataStream, BulkCopySimpleResultSet bulkCopyHandler, TdsParserStateObject stateObj, Boolean& dataReady)
   at Microsoft.Data.SqlClient.SqlDataReader.TryConsumeMetaData()
   at Microsoft.Data.SqlClient.SqlDataReader.get_MetaData()
   at Microsoft.Data.SqlClient.SqlCommand.FinishExecuteReader(SqlDataReader ds, RunBehavior runBehavior, String resetOptionsString, Boolean isInternal, Boolean forDescribeParameterEncryption, Boolean shouldCacheForAlwaysEncrypted)
   at Microsoft.Data.SqlClient.SqlCommand.RunExecuteReaderTds(CommandBehavior cmdBehavior, RunBehavior runBehavior, Boolean returnStream, Boolean isAsync, Int32 timeout, Task& task, Boolean asyncWrite, Boolean inRetry, SqlDataReader ds, Boolean describeParameterEncryptionRequest)
   at Microsoft.Data.SqlClient.SqlCommand.RunExecuteReader(CommandBehavior cmdBehavior, RunBehavior runBehavior, Boolean returnStream, TaskCompletionSource`1 completion, Int32 timeout, Task& task, Boolean& usedCache, Boolean asyncWrite, Boolean inRetry, String method)
   at Microsoft.Data.SqlClient.SqlCommand.RunExecuteReader(CommandBehavior cmdBehavior, RunBehavior runBehavior, Boolean returnStream, String method)
   at Microsoft.Data.SqlClient.SqlCommand.ExecuteReader(CommandBehavior behavior)
   at Microsoft.Data.SqlClient.SqlCommand.ExecuteDbDataReader(CommandBehavior behavior)
   at Microsoft.EntityFrameworkCore.Storage.RelationalCommand.ExecuteReader(RelationalCommandParameterObject parameterObject)
   at Microsoft.EntityFrameworkCore.Query.Internal.SingleQueryingEnumerable`1.Enumerator.InitializeReader(Enumerator enumerator)
   at Microsoft.EntityFrameworkCore.Query.Internal.SingleQueryingEnumerable`1.Enumerator.<>c.<MoveNext>b__21_0(DbContext _, Enumerator enumerator)
   at Microsoft.EntityFrameworkCore.SqlServer.Storage.Internal.SqlServerExecutionStrategy.Execute[TState,TResult](TState state, Func`3 operation, Func`3 verifySucceeded)
   at Microsoft.EntityFrameworkCore.Query.Internal.SingleQueryingEnumerable`1.Enumerator.MoveNext()
ClientConnectionId:6b597803-3c2f-4826-a20b-617886e97c47
Error Number:208,State:1,Class:16
2026-06-17 20:56:42.926 +02:00 [ERR] Erreur initialisation DB
Microsoft.Data.SqlClient.SqlException (0x80131904): Invalid object name 'AppModules'.
   at Microsoft.Data.SqlClient.SqlConnection.OnError(SqlException exception, Boolean breakConnection, Action`1 wrapCloseInAction)
   at Microsoft.Data.SqlClient.SqlInternalConnection.OnError(SqlException exception, Boolean breakConnection, Action`1 wrapCloseInAction)
   at Microsoft.Data.SqlClient.TdsParser.ThrowExceptionAndWarning(TdsParserStateObject stateObj, Boolean callerHasConnectionLock, Boolean asyncClose)
   at Microsoft.Data.SqlClient.TdsParser.TryRun(RunBehavior runBehavior, SqlCommand cmdHandler, SqlDataReader dataStream, BulkCopySimpleResultSet bulkCopyHandler, TdsParserStateObject stateObj, Boolean& dataReady)
   at Microsoft.Data.SqlClient.SqlDataReader.TryConsumeMetaData()
   at Microsoft.Data.SqlClient.SqlDataReader.get_MetaData()
   at Microsoft.Data.SqlClient.SqlCommand.FinishExecuteReader(SqlDataReader ds, RunBehavior runBehavior, String resetOptionsString, Boolean isInternal, Boolean forDescribeParameterEncryption, Boolean shouldCacheForAlwaysEncrypted)
   at Microsoft.Data.SqlClient.SqlCommand.RunExecuteReaderTds(CommandBehavior cmdBehavior, RunBehavior runBehavior, Boolean returnStream, Boolean isAsync, Int32 timeout, Task& task, Boolean asyncWrite, Boolean inRetry, SqlDataReader ds, Boolean describeParameterEncryptionRequest)
   at Microsoft.Data.SqlClient.SqlCommand.RunExecuteReader(CommandBehavior cmdBehavior, RunBehavior runBehavior, Boolean returnStream, TaskCompletionSource`1 completion, Int32 timeout, Task& task, Boolean& usedCache, Boolean asyncWrite, Boolean inRetry, String method)
   at Microsoft.Data.SqlClient.SqlCommand.RunExecuteReader(CommandBehavior cmdBehavior, RunBehavior runBehavior, Boolean returnStream, String method)
   at Microsoft.Data.SqlClient.SqlCommand.ExecuteReader(CommandBehavior behavior)
   at Microsoft.Data.SqlClient.SqlCommand.ExecuteDbDataReader(CommandBehavior behavior)
   at Microsoft.EntityFrameworkCore.Storage.RelationalCommand.ExecuteReader(RelationalCommandParameterObject parameterObject)
   at Microsoft.EntityFrameworkCore.Query.Internal.SingleQueryingEnumerable`1.Enumerator.InitializeReader(Enumerator enumerator)
   at Microsoft.EntityFrameworkCore.Query.Internal.SingleQueryingEnumerable`1.Enumerator.<>c.<MoveNext>b__21_0(DbContext _, Enumerator enumerator)
   at Microsoft.EntityFrameworkCore.SqlServer.Storage.Internal.SqlServerExecutionStrategy.Execute[TState,TResult](TState state, Func`3 operation, Func`3 verifySucceeded)
   at Microsoft.EntityFrameworkCore.Query.Internal.SingleQueryingEnumerable`1.Enumerator.MoveNext()
   at System.Linq.Enumerable.TryGetSingle[TSource](IEnumerable`1 source, Boolean& found)
   at lambda_method221(Closure, QueryContext)
   at Microsoft.EntityFrameworkCore.Query.Internal.QueryCompiler.Execute[TResult](Expression query)
   at Microsoft.EntityFrameworkCore.Query.Internal.EntityQueryProvider.Execute[TResult](Expression expression)
   at Hotelo.Infrastructure.Data.SeedData.AdminSeed.SeedAsync(HoteloDbContext context) in C:\Projects\Hotelo\Hotelo.Infrastructure\Data\SeedData\AdminSeed.cs:line 11
   at Program.<Main>$(String[] args) in C:\Projects\Hotelo\Hotelo.Web\Program.cs:line 56
ClientConnectionId:6b597803-3c2f-4826-a20b-617886e97c47
Error Number:208,State:1,Class:16
2026-06-17 20:56:43.016 +02:00 [INF] Start installing Hangfire SQL objects...
2026-06-17 20:56:43.355 +02:00 [INF] Hangfire SQL objects installed.
2026-06-17 20:56:44.169 +02:00 [INF] Starting Hangfire Server using job storage: 'SQL Server: ASTRA\SQLEXPRESS@hoteloDB'
2026-06-17 20:56:44.173 +02:00 [INF] Using the following options for SQL Server job storage: Queue poll interval: 00:00:00.
2026-06-17 20:56:44.175 +02:00 [INF] Using the following options for Hangfire Server:
    Worker count: 20
    Listening queues: 'default'
    Shutdown timeout: 00:00:15
    Schedule polling interval: 00:00:15
2026-06-17 20:56:44.227 +02:00 [INF] Server astra:5984:e85a0bd0 successfully announced in 22,6598 ms
2026-06-17 20:56:44.237 +02:00 [INF] Server astra:5984:e85a0bd0 is starting the registered dispatchers: ServerWatchdog, ServerJobCancellationWatcher, ExpirationManager, CountersAggregator, SqlServerHeartbeatProcess, Worker, DelayedJobScheduler, RecurringJobScheduler...
2026-06-17 20:56:44.400 +02:00 [INF] Server astra:5984:e85a0bd0 all the dispatchers started
2026-06-17 20:56:45.387 +02:00 [INF] REQ GET / [Anonyme]
2026-06-17 20:56:45.671 +02:00 [INF] REQ GET /Dashboard [Anonyme]
2026-06-17 20:56:46.934 +02:00 [INF] REQ POST /hubs/notifications/negotiate [Anonyme]
2026-06-17 20:56:47.199 +02:00 [INF] REQ CONNECT /hubs/notifications [Anonyme]
2026-06-17 20:56:51.782 +02:00 [INF] REQ GET /Admin/Departments [Anonyme]
2026-06-17 20:56:52.004 +02:00 [ERR] Failed executing DbCommand (5ms) [Parameters=[], CommandType='"Text"', CommandTimeout='30']
SELECT [j].[Id], [j].[Name], [j].[Description], [j].[DepartmentId], [d].[Name] AS [DepartmentName], [j].[IsActive], (
    SELECT COUNT(*)
    FROM [UserJobFunctions] AS [u]
    WHERE [u].[JobFunctionId] = [j].[Id]) AS [UsersCount]
FROM [JobFunctions] AS [j]
INNER JOIN [Departments] AS [d] ON [j].[DepartmentId] = [d].[Id]
ORDER BY [d].[Name], [j].[Name]
2026-06-17 20:56:52.013 +02:00 [ERR] An exception occurred while iterating over the results of a query for context type 'Hotelo.Infrastructure.Data.HoteloDbContext'.
Microsoft.Data.SqlClient.SqlException (0x80131904): Invalid object name 'JobFunctions'.
   at Microsoft.Data.SqlClient.SqlCommand.<>c.<ExecuteDbDataReaderAsync>b__211_0(Task`1 result)
   at System.Threading.Tasks.ContinuationResultTaskFromResultTask`2.InnerInvoke()
   at System.Threading.ExecutionContext.RunInternal(ExecutionContext executionContext, ContextCallback callback, Object state)
--- End of stack trace from previous location ---
   at System.Threading.ExecutionContext.RunInternal(ExecutionContext executionContext, ContextCallback callback, Object state)
   at System.Threading.Tasks.Task.ExecuteWithThreadLocal(Task& currentTaskSlot, Thread threadPoolThread)
--- End of stack trace from previous location ---
   at Microsoft.EntityFrameworkCore.Storage.RelationalCommand.ExecuteReaderAsync(RelationalCommandParameterObject parameterObject, CancellationToken cancellationToken)
   at Microsoft.EntityFrameworkCore.Storage.RelationalCommand.ExecuteReaderAsync(RelationalCommandParameterObject parameterObject, CancellationToken cancellationToken)
   at Microsoft.EntityFrameworkCore.Query.Internal.SingleQueryingEnumerable`1.AsyncEnumerator.InitializeReaderAsync(AsyncEnumerator enumerator, CancellationToken cancellationToken)
   at Microsoft.EntityFrameworkCore.SqlServer.Storage.Internal.SqlServerExecutionStrategy.ExecuteAsync[TState,TResult](TState state, Func`4 operation, Func`4 verifySucceeded, CancellationToken cancellationToken)
   at Microsoft.EntityFrameworkCore.Query.Internal.SingleQueryingEnumerable`1.AsyncEnumerator.MoveNextAsync()
ClientConnectionId:a99bf97b-eb74-4c05-812b-510904df057f
Error Number:208,State:1,Class:16
Microsoft.Data.SqlClient.SqlException (0x80131904): Invalid object name 'JobFunctions'.
   at Microsoft.Data.SqlClient.SqlCommand.<>c.<ExecuteDbDataReaderAsync>b__211_0(Task`1 result)
   at System.Threading.Tasks.ContinuationResultTaskFromResultTask`2.InnerInvoke()
   at System.Threading.ExecutionContext.RunInternal(ExecutionContext executionContext, ContextCallback callback, Object state)
--- End of stack trace from previous location ---
   at System.Threading.ExecutionContext.RunInternal(ExecutionContext executionContext, ContextCallback callback, Object state)
   at System.Threading.Tasks.Task.ExecuteWithThreadLocal(Task& currentTaskSlot, Thread threadPoolThread)
--- End of stack trace from previous location ---
   at Microsoft.EntityFrameworkCore.Storage.RelationalCommand.ExecuteReaderAsync(RelationalCommandParameterObject parameterObject, CancellationToken cancellationToken)
   at Microsoft.EntityFrameworkCore.Storage.RelationalCommand.ExecuteReaderAsync(RelationalCommandParameterObject parameterObject, CancellationToken cancellationToken)
   at Microsoft.EntityFrameworkCore.Query.Internal.SingleQueryingEnumerable`1.AsyncEnumerator.InitializeReaderAsync(AsyncEnumerator enumerator, CancellationToken cancellationToken)
   at Microsoft.EntityFrameworkCore.SqlServer.Storage.Internal.SqlServerExecutionStrategy.ExecuteAsync[TState,TResult](TState state, Func`4 operation, Func`4 verifySucceeded, CancellationToken cancellationToken)
   at Microsoft.EntityFrameworkCore.Query.Internal.SingleQueryingEnumerable`1.AsyncEnumerator.MoveNextAsync()
ClientConnectionId:a99bf97b-eb74-4c05-812b-510904df057f
Error Number:208,State:1,Class:16
2026-06-17 20:56:52.298 +02:00 [ERR] An unhandled exception has occurred while executing the request.
Microsoft.Data.SqlClient.SqlException (0x80131904): Invalid object name 'JobFunctions'.
   at Microsoft.Data.SqlClient.SqlCommand.<>c.<ExecuteDbDataReaderAsync>b__211_0(Task`1 result)
   at System.Threading.Tasks.ContinuationResultTaskFromResultTask`2.InnerInvoke()
   at System.Threading.ExecutionContext.RunInternal(ExecutionContext executionContext, ContextCallback callback, Object state)
--- End of stack trace from previous location ---
   at System.Threading.ExecutionContext.RunInternal(ExecutionContext executionContext, ContextCallback callback, Object state)
   at System.Threading.Tasks.Task.ExecuteWithThreadLocal(Task& currentTaskSlot, Thread threadPoolThread)
--- End of stack trace from previous location ---
   at Microsoft.EntityFrameworkCore.Storage.RelationalCommand.ExecuteReaderAsync(RelationalCommandParameterObject parameterObject, CancellationToken cancellationToken)
   at Microsoft.EntityFrameworkCore.Storage.RelationalCommand.ExecuteReaderAsync(RelationalCommandParameterObject parameterObject, CancellationToken cancellationToken)
   at Microsoft.EntityFrameworkCore.Query.Internal.SingleQueryingEnumerable`1.AsyncEnumerator.InitializeReaderAsync(AsyncEnumerator enumerator, CancellationToken cancellationToken)
   at Microsoft.EntityFrameworkCore.SqlServer.Storage.Internal.SqlServerExecutionStrategy.ExecuteAsync[TState,TResult](TState state, Func`4 operation, Func`4 verifySucceeded, CancellationToken cancellationToken)
   at Microsoft.EntityFrameworkCore.Query.Internal.SingleQueryingEnumerable`1.AsyncEnumerator.MoveNextAsync()
   at Microsoft.EntityFrameworkCore.EntityFrameworkQueryableExtensions.ToListAsync[TSource](IQueryable`1 source, CancellationToken cancellationToken)
   at Microsoft.EntityFrameworkCore.EntityFrameworkQueryableExtensions.ToListAsync[TSource](IQueryable`1 source, CancellationToken cancellationToken)
   at Hotelo.Infrastructure.Services.AdminService.GetAllFunctionsAsync() in C:\Projects\Hotelo\Hotelo.Infrastructure\Services\AdminService.cs:line 16
   at Hotelo.Web.Areas.Admin.Controllers.DepartmentsController.Index() in C:\Projects\Hotelo\Hotelo.Web\Areas\Admin\Controllers\DepartmentsController.cs:line 23
   at Microsoft.AspNetCore.Mvc.Infrastructure.ActionMethodExecutor.TaskOfIActionResultExecutor.Execute(ActionContext actionContext, IActionResultTypeMapper mapper, ObjectMethodExecutor executor, Object controller, Object[] arguments)
   at Microsoft.AspNetCore.Mvc.Infrastructure.ControllerActionInvoker.<InvokeActionMethodAsync>g__Logged|12_1(ControllerActionInvoker invoker)
   at Microsoft.AspNetCore.Mvc.Infrastructure.ControllerActionInvoker.<InvokeNextActionFilterAsync>g__Awaited|10_0(ControllerActionInvoker invoker, Task lastTask, State next, Scope scope, Object state, Boolean isCompleted)
   at Microsoft.AspNetCore.Mvc.Infrastructure.ControllerActionInvoker.Rethrow(ActionExecutedContextSealed context)
   at Microsoft.AspNetCore.Mvc.Infrastructure.ControllerActionInvoker.Next(State& next, Scope& scope, Object& state, Boolean& isCompleted)
   at Microsoft.AspNetCore.Mvc.Infrastructure.ControllerActionInvoker.<InvokeInnerFilterAsync>g__Awaited|13_0(ControllerActionInvoker invoker, Task lastTask, State next, Scope scope, Object state, Boolean isCompleted)
   at Microsoft.AspNetCore.Mvc.Infrastructure.ResourceInvoker.<InvokeNextResourceFilter>g__Awaited|25_0(ResourceInvoker invoker, Task lastTask, State next, Scope scope, Object state, Boolean isCompleted)
   at Microsoft.AspNetCore.Mvc.Infrastructure.ResourceInvoker.Rethrow(ResourceExecutedContextSealed context)
   at Microsoft.AspNetCore.Mvc.Infrastructure.ResourceInvoker.Next(State& next, Scope& scope, Object& state, Boolean& isCompleted)
   at Microsoft.AspNetCore.Mvc.Infrastructure.ResourceInvoker.<InvokeFilterPipelineAsync>g__Awaited|20_0(ResourceInvoker invoker, Task lastTask, State next, Scope scope, Object state, Boolean isCompleted)
   at Microsoft.AspNetCore.Mvc.Infrastructure.ResourceInvoker.<InvokeAsync>g__Logged|17_1(ResourceInvoker invoker)
   at Microsoft.AspNetCore.Mvc.Infrastructure.ResourceInvoker.<InvokeAsync>g__Logged|17_1(ResourceInvoker invoker)
   at Microsoft.AspNetCore.Authorization.AuthorizationMiddleware.Invoke(HttpContext context)
   at Microsoft.AspNetCore.Authentication.AuthenticationMiddleware.Invoke(HttpContext context)
   at Microsoft.AspNetCore.Session.SessionMiddleware.Invoke(HttpContext context)
   at Microsoft.AspNetCore.Session.SessionMiddleware.Invoke(HttpContext context)
   at Hotelo.Web.Middlewares.RequestLoggingMiddleware.InvokeAsync(HttpContext context) in C:\Projects\Hotelo\Hotelo.Web\Middlewares\RequestLoggingMiddleware.cs:line 20
   at Microsoft.AspNetCore.Diagnostics.DeveloperExceptionPageMiddlewareImpl.Invoke(HttpContext context)
ClientConnectionId:a99bf97b-eb74-4c05-812b-510904df057f
Error Number:208,State:1,Class:16
2026-06-17 20:58:11.316 +02:00 [WRN] Entity 'Reservation' has a global query filter defined and is the required end of a relationship with the entity 'Invoice'. This may lead to unexpected results when the required entity is filtered out. Either configure the navigation as optional, or define matching query filters for both entities in the navigation. See https://go.microsoft.com/fwlink/?linkid=2131316 for more information.
2026-06-17 21:00:18.102 +02:00 [WRN] Entity 'Reservation' has a global query filter defined and is the required end of a relationship with the entity 'Invoice'. This may lead to unexpected results when the required entity is filtered out. Either configure the navigation as optional, or define matching query filters for both entities in the navigation. See https://go.microsoft.com/fwlink/?linkid=2131316 for more information.
2026-06-17 21:01:30.179 +02:00 [WRN] Entity 'Reservation' has a global query filter defined and is the required end of a relationship with the entity 'Invoice'. This may lead to unexpected results when the required entity is filtered out. Either configure the navigation as optional, or define matching query filters for both entities in the navigation. See https://go.microsoft.com/fwlink/?linkid=2131316 for more information.
2026-06-17 21:01:31.851 +02:00 [INF] Start installing Hangfire SQL objects...
2026-06-17 21:01:32.019 +02:00 [INF] Hangfire SQL objects installed.
2026-06-17 21:01:32.265 +02:00 [INF] Starting Hangfire Server using job storage: 'SQL Server: ASTRA\SQLEXPRESS@hoteloDB'
2026-06-17 21:01:32.268 +02:00 [INF] Using the following options for SQL Server job storage: Queue poll interval: 00:00:00.
2026-06-17 21:01:32.271 +02:00 [INF] Using the following options for Hangfire Server:
    Worker count: 20
    Listening queues: 'default'
    Shutdown timeout: 00:00:15
    Schedule polling interval: 00:00:15
2026-06-17 21:01:32.397 +02:00 [INF] Server astra:21064:72568d4a successfully announced in 82,5258 ms
2026-06-17 21:01:32.407 +02:00 [INF] Server astra:21064:72568d4a is starting the registered dispatchers: ServerWatchdog, ServerJobCancellationWatcher, ExpirationManager, CountersAggregator, SqlServerHeartbeatProcess, Worker, DelayedJobScheduler, RecurringJobScheduler...
2026-06-17 21:01:32.419 +02:00 [INF] 2 servers were removed due to timeout
2026-06-17 21:01:32.436 +02:00 [INF] Server astra:21064:72568d4a all the dispatchers started
2026-06-17 21:02:39.971 +02:00 [INF] REQ GET / [Anonyme]
2026-06-17 21:02:39.980 +02:00 [WRN] Failed to determine the https port for redirect.
2026-06-17 21:02:40.065 +02:00 [INF] REQ GET /Dashboard [Anonyme]
2026-06-17 21:02:40.810 +02:00 [INF] REQ POST /hubs/notifications/negotiate [Anonyme]
2026-06-17 21:02:41.018 +02:00 [INF] REQ GET /hubs/notifications [Anonyme]
2026-06-17 21:02:47.070 +02:00 [INF] REQ GET /Admin/Departments [Anonyme]
2026-06-17 21:02:47.439 +02:00 [INF] REQ POST /hubs/notifications/negotiate [Anonyme]
2026-06-17 21:02:47.516 +02:00 [INF] REQ GET /hubs/notifications [Anonyme]
2026-06-17 21:03:33.354 +02:00 [INF] REQ POST /api/v1/admin/functions [Anonyme]
2026-06-17 21:03:33.507 +02:00 [INF] REQ GET /Admin/Departments [Anonyme]
2026-06-17 21:03:33.694 +02:00 [INF] REQ POST /hubs/notifications/negotiate [Anonyme]
2026-06-17 21:03:33.721 +02:00 [INF] REQ GET /hubs/notifications [Anonyme]
2026-06-17 21:03:49.119 +02:00 [INF] REQ GET /Admin/UserAccess [Anonyme]
2026-06-17 21:03:49.196 +02:00 [INF] REQ POST /hubs/notifications/negotiate [Anonyme]
2026-06-17 21:03:49.197 +02:00 [INF] REQ GET /api/v1/admin/access-matrix [Anonyme]
2026-06-17 21:03:49.234 +02:00 [INF] REQ GET /hubs/notifications [Anonyme]
2026-06-17 21:03:49.292 +02:00 [INF] REQ GET /api/v1/admin/user-functions [Anonyme]
2026-06-17 21:03:49.294 +02:00 [INF] REQ GET /api/v1/users [Anonyme]
2026-06-17 21:04:03.727 +02:00 [INF] REQ POST /api/v1/admin/user-functions [Anonyme]
2026-06-17 21:04:03.781 +02:00 [INF] REQ GET /api/v1/admin/user-functions [Anonyme]
2026-06-17 21:04:27.190 +02:00 [INF] REQ GET /Admin/Access [Anonyme]
2026-06-17 21:04:27.336 +02:00 [INF] REQ POST /hubs/notifications/negotiate [Anonyme]
2026-06-17 21:04:27.389 +02:00 [INF] REQ GET /hubs/notifications [Anonyme]
2026-06-17 21:04:31.315 +02:00 [INF] REQ GET /HR [Anonyme]
2026-06-17 21:04:31.380 +02:00 [INF] REQ POST /hubs/notifications/negotiate [Anonyme]
2026-06-17 21:04:31.383 +02:00 [INF] REQ GET /api/v1/hr/dashboard [Anonyme]
2026-06-17 21:04:31.403 +02:00 [INF] REQ GET /hubs/notifications [Anonyme]
2026-06-17 21:04:48.798 +02:00 [INF] REQ GET /Admin/UserAccess [Anonyme]
2026-06-17 21:04:48.959 +02:00 [INF] REQ POST /hubs/notifications/negotiate [Anonyme]
2026-06-17 21:04:48.961 +02:00 [INF] REQ GET /api/v1/admin/access-matrix [Anonyme]
2026-06-17 21:04:48.989 +02:00 [INF] REQ GET /hubs/notifications [Anonyme]
2026-06-17 21:04:48.995 +02:00 [INF] REQ GET /api/v1/users [Anonyme]
2026-06-17 21:04:48.995 +02:00 [INF] REQ GET /api/v1/admin/user-functions [Anonyme]
2026-06-17 21:04:57.026 +02:00 [INF] REQ GET /Admin/Departments [Anonyme]
2026-06-17 21:04:57.166 +02:00 [INF] REQ POST /hubs/notifications/negotiate [Anonyme]
2026-06-17 21:04:57.202 +02:00 [INF] REQ GET /hubs/notifications [Anonyme]
2026-06-17 21:05:58.276 +02:00 [INF] REQ POST /api/v1/hr/departments [Anonyme]
2026-06-17 21:05:58.321 +02:00 [INF] REQ GET /Admin/Departments [Anonyme]
2026-06-17 21:05:58.480 +02:00 [INF] REQ POST /hubs/notifications/negotiate [Anonyme]
2026-06-17 21:05:58.499 +02:00 [INF] REQ GET /hubs/notifications [Anonyme]
2026-06-17 21:06:22.139 +02:00 [INF] REQ GET /Admin/Departments [Anonyme]
2026-06-17 21:06:22.222 +02:00 [INF] REQ POST /hubs/notifications/negotiate [Anonyme]
2026-06-17 21:06:22.249 +02:00 [INF] REQ GET /hubs/notifications [Anonyme]
2026-06-17 21:06:23.081 +02:00 [INF] REQ GET /Admin/Departments [Anonyme]
2026-06-17 21:06:23.166 +02:00 [INF] REQ POST /hubs/notifications/negotiate [Anonyme]
2026-06-17 21:06:23.194 +02:00 [INF] REQ GET /hubs/notifications [Anonyme]
2026-06-17 21:06:32.435 +02:00 [INF] 1 servers were removed due to timeout
2026-06-17 21:06:48.063 +02:00 [INF] REQ POST /api/v1/admin/functions [Anonyme]
2026-06-17 21:06:48.108 +02:00 [INF] REQ GET /Admin/Departments [Anonyme]
2026-06-17 21:06:48.286 +02:00 [INF] REQ POST /hubs/notifications/negotiate [Anonyme]
2026-06-17 21:06:48.302 +02:00 [INF] REQ GET /hubs/notifications [Anonyme]
2026-06-17 21:06:54.415 +02:00 [INF] REQ GET /HR [Anonyme]
2026-06-17 21:06:54.479 +02:00 [INF] REQ POST /hubs/notifications/negotiate [Anonyme]
2026-06-17 21:06:54.481 +02:00 [INF] REQ GET /api/v1/hr/dashboard [Anonyme]
2026-06-17 21:06:54.501 +02:00 [INF] REQ GET /hubs/notifications [Anonyme]
2026-06-17 21:07:06.065 +02:00 [INF] REQ GET /Admin/Access [Anonyme]
2026-06-17 21:07:06.210 +02:00 [INF] REQ POST /hubs/notifications/negotiate [Anonyme]
2026-06-17 21:07:06.246 +02:00 [INF] REQ GET /hubs/notifications [Anonyme]
2026-06-17 21:07:17.228 +02:00 [INF] REQ GET /Admin [Anonyme]
2026-06-17 21:07:17.401 +02:00 [INF] REQ POST /hubs/notifications/negotiate [Anonyme]
2026-06-17 21:07:17.413 +02:00 [INF] REQ GET /api/v1/users/dashboard [Anonyme]
2026-06-17 21:07:17.429 +02:00 [INF] REQ GET /hubs/notifications [Anonyme]
2026-06-17 21:07:32.652 +02:00 [WRN] Stopping the server due to DomainUnload or ProcessExit event...
2026-06-17 21:07:32.656 +02:00 [INF] Server astra:21064:72568d4a caught stopping signal...
2026-06-17 21:07:32.658 +02:00 [INF] Server astra:21064:72568d4a caught stopped signal...
2026-06-17 21:07:32.659 +02:00 [WRN] Server astra:21064:72568d4a caught shutdown signal...
2026-06-17 21:07:32.660 +02:00 [INF] Server astra:21064:72568d4a All dispatchers stopped
2026-06-17 21:07:32.669 +02:00 [INF] Server astra:21064:72568d4a successfully reported itself as stopped in 6,1882 ms
2026-06-17 21:07:32.671 +02:00 [INF] Server astra:21064:72568d4a has been stopped in total 12,8653 ms
