2026-06-16 15:02:33.729 +02:00 [WRN] Entity 'Reservation' has a global query filter defined and is the required end of a relationship with the entity 'Invoice'. This may lead to unexpected results when the required entity is filtered out. Either configure the navigation as optional, or define matching query filters for both entities in the navigation. See https://go.microsoft.com/fwlink/?linkid=2131316 for more information.
2026-06-16 15:02:37.342 +02:00 [INF] Start installing Hangfire SQL objects...
2026-06-16 15:02:37.957 +02:00 [INF] Hangfire SQL objects installed.
2026-06-16 15:02:40.414 +02:00 [INF] Starting Hangfire Server using job storage: 'SQL Server: ASTRA\SQLEXPRESS@hoteloDB'
2026-06-16 15:02:40.418 +02:00 [INF] Using the following options for SQL Server job storage: Queue poll interval: 00:00:00.
2026-06-16 15:02:40.421 +02:00 [INF] Using the following options for Hangfire Server:
    Worker count: 20
    Listening queues: 'default'
    Shutdown timeout: 00:00:15
    Schedule polling interval: 00:00:15
2026-06-16 15:02:40.504 +02:00 [INF] Server astra:17832:4f22d915 successfully announced in 35,235 ms
2026-06-16 15:02:40.515 +02:00 [INF] Server astra:17832:4f22d915 is starting the registered dispatchers: ServerWatchdog, ServerJobCancellationWatcher, ExpirationManager, CountersAggregator, SqlServerHeartbeatProcess, Worker, DelayedJobScheduler, RecurringJobScheduler...
2026-06-16 15:02:40.942 +02:00 [INF] Server astra:17832:4f22d915 all the dispatchers started
2026-06-16 15:02:42.832 +02:00 [INF] Backup cree : hoteloDB_backup_20260616_150242.bak
2026-06-16 15:02:42.836 +02:00 [INF] Backup automatique reussi : hoteloDB_backup_20260616_150242.bak
2026-06-16 15:02:43.051 +02:00 [INF] REQ GET / [Anonyme]
2026-06-16 15:02:43.280 +02:00 [INF] REQ GET /Account/Login [Anonyme]
2026-06-16 15:02:44.187 +02:00 [INF] REQ POST /hubs/notifications/negotiate [Anonyme]
2026-06-16 15:02:51.182 +02:00 [INF] REQ POST /Account/Logout [Anonyme]
2026-06-16 15:02:51.363 +02:00 [INF] REQ GET /Account/Login [Anonyme]
2026-06-16 15:02:51.564 +02:00 [INF] REQ POST /hubs/notifications/negotiate [Anonyme]
2026-06-16 15:02:54.761 +02:00 [INF] REQ GET /Reports [Anonyme]
2026-06-16 15:02:54.810 +02:00 [INF] REQ GET /Account/Login [Anonyme]
2026-06-16 15:02:54.910 +02:00 [INF] REQ POST /hubs/notifications/negotiate [Anonyme]
2026-06-16 15:02:57.552 +02:00 [INF] REQ GET /Admin/Backup [Anonyme]
2026-06-16 15:02:57.608 +02:00 [INF] REQ GET /Account/Login [Anonyme]
2026-06-16 15:02:57.760 +02:00 [INF] REQ POST /hubs/notifications/negotiate [Anonyme]
2026-06-16 15:02:58.419 +02:00 [INF] REQ GET /Admin/Access [Anonyme]
2026-06-16 15:02:58.482 +02:00 [INF] REQ GET /Account/Login [Anonyme]
2026-06-16 15:02:58.592 +02:00 [INF] REQ POST /hubs/notifications/negotiate [Anonyme]
