2026-06-30 13:07:53.555 +02:00 [WRN] Entity 'Reservation' has a global query filter defined and is the required end of a relationship with the entity 'Invoice'. This may lead to unexpected results when the required entity is filtered out. Either configure the navigation as optional, or define matching query filters for both entities in the navigation. See https://go.microsoft.com/fwlink/?linkid=2131316 for more information.
2026-06-30 13:07:56.094 +02:00 [INF] Start installing Hangfire SQL objects...
2026-06-30 13:07:56.332 +02:00 [INF] Hangfire SQL objects installed.
2026-06-30 13:07:57.326 +02:00 [INF] Starting Hangfire Server using job storage: 'SQL Server: ASTRA\SQLEXPRESS@hoteloDB'
2026-06-30 13:07:57.328 +02:00 [INF] Using the following options for SQL Server job storage: Queue poll interval: 00:00:00.
2026-06-30 13:07:57.331 +02:00 [INF] Using the following options for Hangfire Server:
    Worker count: 20
    Listening queues: 'default'
    Shutdown timeout: 00:00:15
    Schedule polling interval: 00:00:15
2026-06-30 13:07:57.378 +02:00 [INF] Server astra:20196:71822d5b successfully announced in 20,5077 ms
2026-06-30 13:07:57.385 +02:00 [INF] Server astra:20196:71822d5b is starting the registered dispatchers: ServerWatchdog, ServerJobCancellationWatcher, ExpirationManager, CountersAggregator, SqlServerHeartbeatProcess, Worker, DelayedJobScheduler, RecurringJobScheduler...
2026-06-30 13:07:57.407 +02:00 [INF] 1 servers were removed due to timeout
2026-06-30 13:07:57.603 +02:00 [INF] Server astra:20196:71822d5b all the dispatchers started
2026-06-30 13:07:58.615 +02:00 [INF] Backup cree : hoteloDB_backup_20260630_130758.bak
2026-06-30 13:07:58.622 +02:00 [INF] Backup automatique reussi : hoteloDB_backup_20260630_130758.bak
2026-06-30 13:07:58.964 +02:00 [INF] REQ GET / [Anonyme]
2026-06-30 13:07:59.151 +02:00 [INF] REQ GET /Account/Login [Anonyme]
2026-06-30 13:07:59.649 +02:00 [INF] REQ POST /hubs/notifications/negotiate [Anonyme]
2026-06-30 13:08:01.664 +02:00 [INF] REQ POST /Account/Login [Anonyme]
2026-06-30 13:08:02.327 +02:00 [INF] REQ POST /hubs/notifications/negotiate [Anonyme]
2026-06-30 13:08:46.754 +02:00 [WRN] Entity 'Reservation' has a global query filter defined and is the required end of a relationship with the entity 'Invoice'. This may lead to unexpected results when the required entity is filtered out. Either configure the navigation as optional, or define matching query filters for both entities in the navigation. See https://go.microsoft.com/fwlink/?linkid=2131316 for more information.
2026-06-30 13:08:48.492 +02:00 [INF] Start installing Hangfire SQL objects...
2026-06-30 13:08:48.687 +02:00 [INF] Hangfire SQL objects installed.
2026-06-30 13:08:49.508 +02:00 [INF] Starting Hangfire Server using job storage: 'SQL Server: ASTRA\SQLEXPRESS@hoteloDB'
2026-06-30 13:08:49.512 +02:00 [INF] Using the following options for SQL Server job storage: Queue poll interval: 00:00:00.
2026-06-30 13:08:49.516 +02:00 [INF] Using the following options for Hangfire Server:
    Worker count: 20
    Listening queues: 'default'
    Shutdown timeout: 00:00:15
    Schedule polling interval: 00:00:15
2026-06-30 13:08:49.673 +02:00 [INF] Server astra:15912:832e28ff successfully announced in 81,717 ms
2026-06-30 13:08:49.683 +02:00 [INF] Server astra:15912:832e28ff is starting the registered dispatchers: ServerWatchdog, ServerJobCancellationWatcher, ExpirationManager, CountersAggregator, SqlServerHeartbeatProcess, Worker, DelayedJobScheduler, RecurringJobScheduler...
2026-06-30 13:08:49.815 +02:00 [INF] Server astra:15912:832e28ff all the dispatchers started
2026-06-30 13:08:50.734 +02:00 [INF] REQ GET / [Anonyme]
2026-06-30 13:08:50.972 +02:00 [INF] REQ GET /Account/Login [Anonyme]
2026-06-30 13:08:51.378 +02:00 [INF] REQ POST /hubs/notifications/negotiate [Anonyme]
2026-06-30 13:08:56.952 +02:00 [INF] REQ POST /Account/Login [Anonyme]
2026-06-30 13:08:57.798 +02:00 [INF] REQ GET / [Anonyme]
2026-06-30 13:08:57.880 +02:00 [INF] REQ GET /Dashboard [Anonyme]
2026-06-30 13:08:58.880 +02:00 [INF] REQ POST /hubs/notifications/negotiate [Anonyme]
2026-06-30 13:08:59.036 +02:00 [INF] REQ CONNECT /hubs/notifications [Anonyme]
2026-06-30 13:09:05.631 +02:00 [INF] REQ GET /Admin [Anonyme]
2026-06-30 13:09:05.738 +02:00 [INF] REQ POST /hubs/notifications/negotiate [Anonyme]
2026-06-30 13:09:05.742 +02:00 [INF] REQ GET /api/v1/users/dashboard [Anonyme]
2026-06-30 13:09:05.804 +02:00 [INF] REQ CONNECT /hubs/notifications [Anonyme]
2026-06-30 13:09:10.173 +02:00 [INF] REQ GET /Admin/UserAccess [Anonyme]
2026-06-30 13:09:10.525 +02:00 [INF] REQ POST /hubs/notifications/negotiate [Anonyme]
2026-06-30 13:09:10.597 +02:00 [INF] REQ CONNECT /hubs/notifications [Anonyme]
2026-06-30 13:09:13.777 +02:00 [INF] REQ GET /Admin/Departments [Anonyme]
2026-06-30 13:09:14.061 +02:00 [INF] REQ POST /hubs/notifications/negotiate [Anonyme]
2026-06-30 13:09:14.128 +02:00 [INF] REQ CONNECT /hubs/notifications [Anonyme]
2026-06-30 13:09:16.770 +02:00 [INF] REQ GET /Admin/Departments/Functions [Anonyme]
2026-06-30 13:09:18.731 +02:00 [INF] REQ GET /Admin/Departments/Functions [Anonyme]
2026-06-30 13:09:22.155 +02:00 [INF] REQ GET /Admin/Departments/Functions [Anonyme]
2026-06-30 13:09:24.750 +02:00 [INF] REQ GET /Admin/Departments/Functions [Anonyme]
2026-06-30 13:09:25.994 +02:00 [INF] REQ GET /Admin/Departments/Functions [Anonyme]
2026-06-30 13:09:30.137 +02:00 [INF] REQ GET /Housekeeping [Anonyme]
2026-06-30 13:09:30.243 +02:00 [INF] REQ POST /hubs/notifications/negotiate [Anonyme]
2026-06-30 13:09:30.244 +02:00 [INF] REQ GET /api/v1/housekeeping/dashboard [Anonyme]
2026-06-30 13:09:30.297 +02:00 [INF] REQ CONNECT /hubs/notifications [Anonyme]
2026-06-30 13:09:36.731 +02:00 [INF] REQ GET /HR [Anonyme]
2026-06-30 13:09:36.829 +02:00 [INF] REQ POST /hubs/notifications/negotiate [Anonyme]
2026-06-30 13:09:36.829 +02:00 [INF] REQ GET /api/v1/hr/dashboard [Anonyme]
2026-06-30 13:09:36.885 +02:00 [INF] REQ CONNECT /hubs/notifications [Anonyme]
2026-06-30 13:09:46.043 +02:00 [INF] REQ GET /FrontOffice [Anonyme]
2026-06-30 13:09:46.231 +02:00 [INF] REQ POST /hubs/notifications/negotiate [Anonyme]
2026-06-30 13:09:46.295 +02:00 [INF] REQ CONNECT /hubs/notifications [Anonyme]
2026-06-30 13:09:53.469 +02:00 [INF] REQ GET /FrontOffice/Home/Details/5 [Anonyme]
2026-06-30 13:09:55.652 +02:00 [INF] REQ POST /FrontOffice/Home/UpdateStatus [Anonyme]
2026-06-30 13:09:55.806 +02:00 [INF] REQ GET /FrontOffice [Anonyme]
2026-06-30 13:09:56.064 +02:00 [INF] REQ POST /hubs/notifications/negotiate [Anonyme]
2026-06-30 13:09:56.098 +02:00 [INF] REQ CONNECT /hubs/notifications [Anonyme]
2026-06-30 13:09:56.101 +02:00 [INF] REQ GET /favicon.ico [Anonyme]
2026-06-30 13:10:01.136 +02:00 [INF] REQ GET /FrontOffice/Home/Details/16 [Anonyme]
2026-06-30 13:10:05.657 +02:00 [INF] REQ POST /FrontOffice/Home/UpdateStatus [Anonyme]
2026-06-30 13:10:05.868 +02:00 [INF] REQ GET /FrontOffice [Anonyme]
2026-06-30 13:10:05.975 +02:00 [INF] REQ POST /hubs/notifications/negotiate [Anonyme]
2026-06-30 13:10:06.015 +02:00 [INF] REQ CONNECT /hubs/notifications [Anonyme]
2026-06-30 13:10:09.665 +02:00 [INF] REQ GET /FrontOffice/Home/Details/14 [Anonyme]
2026-06-30 13:10:11.741 +02:00 [INF] REQ POST /FrontOffice/Home/UpdateStatus [Anonyme]
2026-06-30 13:10:11.845 +02:00 [INF] REQ GET /FrontOffice [Anonyme]
2026-06-30 13:10:11.950 +02:00 [INF] REQ POST /hubs/notifications/negotiate [Anonyme]
2026-06-30 13:10:11.990 +02:00 [INF] REQ CONNECT /hubs/notifications [Anonyme]
2026-06-30 13:10:39.530 +02:00 [INF] REQ GET /Reservation/Packages [Anonyme]
2026-06-30 13:10:39.622 +02:00 [INF] REQ POST /hubs/notifications/negotiate [Anonyme]
2026-06-30 13:10:39.626 +02:00 [INF] REQ GET /api/v1/packages [Anonyme]
2026-06-30 13:10:39.669 +02:00 [INF] REQ CONNECT /hubs/notifications [Anonyme]
2026-06-30 13:10:42.664 +02:00 [INF] REQ GET /Finances [Anonyme]
2026-06-30 13:10:42.755 +02:00 [INF] REQ POST /hubs/notifications/negotiate [Anonyme]
2026-06-30 13:10:42.757 +02:00 [INF] REQ GET /api/v1/invoices/dashboard [Anonyme]
2026-06-30 13:10:42.795 +02:00 [INF] REQ CONNECT /hubs/notifications [Anonyme]
2026-06-30 13:10:42.974 +02:00 [INF] REQ GET /api/v1/invoices [Anonyme]
2026-06-30 13:10:43.064 +02:00 [INF] REQ GET /api/v1/reservations [Anonyme]
2026-06-30 15:24:46.036 +02:00 [WRN] Entity 'Reservation' has a global query filter defined and is the required end of a relationship with the entity 'Invoice'. This may lead to unexpected results when the required entity is filtered out. Either configure the navigation as optional, or define matching query filters for both entities in the navigation. See https://go.microsoft.com/fwlink/?linkid=2131316 for more information.
2026-06-30 15:24:48.398 +02:00 [INF] Start installing Hangfire SQL objects...
2026-06-30 15:24:48.680 +02:00 [INF] Hangfire SQL objects installed.
2026-06-30 15:24:49.622 +02:00 [INF] Starting Hangfire Server using job storage: 'SQL Server: ASTRA\SQLEXPRESS@hoteloDB'
2026-06-30 15:24:49.625 +02:00 [INF] Using the following options for SQL Server job storage: Queue poll interval: 00:00:00.
2026-06-30 15:24:49.627 +02:00 [INF] Using the following options for Hangfire Server:
    Worker count: 20
    Listening queues: 'default'
    Shutdown timeout: 00:00:15
    Schedule polling interval: 00:00:15
2026-06-30 15:24:49.680 +02:00 [INF] Server astra:2728:c836b50d successfully announced in 20,3505 ms
2026-06-30 15:24:49.688 +02:00 [INF] Server astra:2728:c836b50d is starting the registered dispatchers: ServerWatchdog, ServerJobCancellationWatcher, ExpirationManager, CountersAggregator, SqlServerHeartbeatProcess, Worker, DelayedJobScheduler, RecurringJobScheduler...
2026-06-30 15:24:49.708 +02:00 [INF] 2 servers were removed due to timeout
2026-06-30 15:24:49.925 +02:00 [INF] Server astra:2728:c836b50d all the dispatchers started
2026-06-30 15:24:51.385 +02:00 [INF] REQ GET / [Anonyme]
2026-06-30 15:24:52.250 +02:00 [INF] REQ GET /Dashboard [Anonyme]
2026-06-30 15:24:54.202 +02:00 [INF] REQ POST /hubs/notifications/negotiate [Anonyme]
2026-06-30 15:24:54.601 +02:00 [INF] REQ CONNECT /hubs/notifications [Anonyme]
2026-06-30 15:24:58.481 +02:00 [INF] REQ GET /Admin [Anonyme]
2026-06-30 15:24:58.603 +02:00 [INF] REQ POST /hubs/notifications/negotiate [Anonyme]
2026-06-30 15:24:58.603 +02:00 [INF] REQ GET /api/v1/users/dashboard [Anonyme]
2026-06-30 15:24:58.661 +02:00 [INF] REQ CONNECT /hubs/notifications [Anonyme]
2026-06-30 15:25:03.710 +02:00 [INF] REQ GET /Admin/UserAccess [Anonyme]
2026-06-30 15:25:04.328 +02:00 [INF] REQ POST /hubs/notifications/negotiate [Anonyme]
2026-06-30 15:25:04.356 +02:00 [INF] REQ CONNECT /hubs/notifications [Anonyme]
2026-06-30 15:25:06.641 +02:00 [INF] REQ GET /Admin/Departments [Anonyme]
2026-06-30 15:25:08.794 +02:00 [INF] REQ POST /hubs/notifications/negotiate [Anonyme]
2026-06-30 15:25:08.836 +02:00 [INF] REQ CONNECT /hubs/notifications [Anonyme]
2026-06-30 15:25:12.496 +02:00 [INF] REQ GET /Reports [Anonyme]
2026-06-30 15:25:12.976 +02:00 [INF] REQ POST /hubs/notifications/negotiate [Anonyme]
2026-06-30 15:25:13.220 +02:00 [INF] REQ CONNECT /hubs/notifications [Anonyme]
