2026-06-12 01:41:07.202 +02:00 [WRN] Entity 'Reservation' has a global query filter defined and is the required end of a relationship with the entity 'Invoice'. This may lead to unexpected results when the required entity is filtered out. Either configure the navigation as optional, or define matching query filters for both entities in the navigation. See https://go.microsoft.com/fwlink/?linkid=2131316 for more information.
2026-06-12 01:41:18.809 +02:00 [INF] REQ GET /Reservation/Packages [Anonyme]
2026-06-12 01:41:18.824 +02:00 [WRN] Failed to determine the https port for redirect.
2026-06-12 01:41:18.969 +02:00 [INF] REQ GET /Account/Login [Anonyme]
2026-06-12 01:41:19.258 +02:00 [INF] REQ POST /hubs/notifications/negotiate [Anonyme]
2026-06-12 01:43:25.250 +02:00 [INF] REQ POST /Account/Login [Anonyme]
2026-06-12 01:43:25.613 +02:00 [INF] REQ GET /Reservation/Packages [Anonyme]
2026-06-12 01:43:25.776 +02:00 [INF] REQ POST /hubs/notifications/negotiate [Anonyme]
2026-06-12 01:43:25.825 +02:00 [INF] REQ GET /api/v1/packages [Anonyme]
2026-06-12 01:43:25.839 +02:00 [INF] REQ GET /hubs/notifications [Anonyme]
2026-06-12 01:43:40.313 +02:00 [INF] REQ GET /Finances [Anonyme]
2026-06-12 01:43:40.438 +02:00 [INF] REQ GET /api/v1/invoices/dashboard [Anonyme]
2026-06-12 01:43:40.441 +02:00 [INF] REQ POST /hubs/notifications/negotiate [Anonyme]
2026-06-12 01:43:40.475 +02:00 [INF] REQ GET /hubs/notifications [Anonyme]
2026-06-12 01:43:41.438 +02:00 [INF] REQ GET /api/v1/invoices [Anonyme]
2026-06-12 01:43:41.573 +02:00 [INF] REQ GET /api/v1/reservations [Anonyme]
2026-06-12 01:43:54.880 +02:00 [INF] REQ GET /Reservation [Anonyme]
2026-06-12 01:43:55.021 +02:00 [INF] REQ GET /api/v1/reservations [Anonyme]
2026-06-12 01:43:55.024 +02:00 [INF] REQ POST /hubs/notifications/negotiate [Anonyme]
2026-06-12 01:43:55.057 +02:00 [INF] REQ GET /hubs/notifications [Anonyme]
2026-06-12 01:43:55.062 +02:00 [INF] REQ GET /api/v1/reservations/arrivals/today [Anonyme]
2026-06-12 01:43:55.142 +02:00 [INF] REQ GET /api/v1/reservations/departures/today [Anonyme]
2026-06-12 01:44:29.117 +02:00 [INF] REQ GET /Commercial [Anonyme]
2026-06-12 01:44:29.243 +02:00 [INF] REQ GET /api/v1/commercial/dashboard [Anonyme]
2026-06-12 01:44:29.246 +02:00 [INF] REQ POST /hubs/notifications/negotiate [Anonyme]
2026-06-12 01:44:29.289 +02:00 [INF] REQ GET /hubs/notifications [Anonyme]
2026-06-12 01:44:50.403 +02:00 [INF] REQ GET /api/v1/packages [Anonyme]
2026-06-12 01:45:04.199 +02:00 [INF] REQ GET /api/v1/packages/active [Anonyme]
2026-06-12 01:45:21.057 +02:00 [INF] REQ GET /Reservation/Packages [Anonyme]
2026-06-12 01:45:21.214 +02:00 [INF] REQ POST /hubs/notifications/negotiate [Anonyme]
2026-06-12 01:45:21.246 +02:00 [INF] REQ GET /api/v1/packages [Anonyme]
2026-06-12 01:45:21.275 +02:00 [INF] REQ GET /hubs/notifications [Anonyme]
2026-06-12 01:45:26.020 +02:00 [INF] REQ DELETE /api/v1/packages/5 [Anonyme]
2026-06-12 01:45:26.187 +02:00 [INF] REQ GET /api/v1/packages [Anonyme]
2026-06-12 01:45:58.246 +02:00 [INF] REQ POST /Reservation/Account/Logout [Anonyme]
2026-06-12 02:33:58.296 +02:00 [WRN] Entity 'Reservation' has a global query filter defined and is the required end of a relationship with the entity 'Invoice'. This may lead to unexpected results when the required entity is filtered out. Either configure the navigation as optional, or define matching query filters for both entities in the navigation. See https://go.microsoft.com/fwlink/?linkid=2131316 for more information.
2026-06-12 02:34:04.127 +02:00 [INF] REQ GET / [Anonyme]
2026-06-12 02:34:04.423 +02:00 [INF] REQ GET /Account/Login [Anonyme]
2026-06-12 02:34:05.175 +02:00 [INF] REQ POST /hubs/notifications/negotiate [Anonyme]
2026-06-12 02:34:26.324 +02:00 [INF] REQ GET /Reservation/Packages [Anonyme]
2026-06-12 02:34:26.449 +02:00 [INF] REQ GET /Account/Login [Anonyme]
2026-06-12 02:34:26.780 +02:00 [INF] REQ POST /hubs/notifications/negotiate [Anonyme]
2026-06-12 02:34:30.611 +02:00 [INF] REQ GET /Housekeeping [Anonyme]
2026-06-12 02:34:30.731 +02:00 [INF] REQ GET /Account/Login [Anonyme]
2026-06-12 02:34:31.110 +02:00 [INF] REQ POST /hubs/notifications/negotiate [Anonyme]
2026-06-12 02:34:32.392 +02:00 [INF] REQ GET /HR [Anonyme]
2026-06-12 02:34:32.458 +02:00 [INF] REQ GET /Account/Login [Anonyme]
2026-06-12 02:34:32.627 +02:00 [INF] REQ POST /hubs/notifications/negotiate [Anonyme]
2026-06-12 02:34:33.305 +02:00 [INF] REQ GET /Commercial [Anonyme]
2026-06-12 02:34:33.368 +02:00 [INF] REQ GET /Account/Login [Anonyme]
2026-06-12 02:34:33.536 +02:00 [INF] REQ POST /hubs/notifications/negotiate [Anonyme]
2026-06-12 02:34:34.055 +02:00 [INF] REQ GET /Technique [Anonyme]
2026-06-12 02:34:34.123 +02:00 [INF] REQ GET /Account/Login [Anonyme]
2026-06-12 02:34:34.326 +02:00 [INF] REQ POST /hubs/notifications/negotiate [Anonyme]
2026-06-12 02:34:34.728 +02:00 [INF] REQ GET /BellDesk [Anonyme]
2026-06-12 02:34:34.852 +02:00 [INF] REQ GET /Account/Login [Anonyme]
2026-06-12 02:34:35.091 +02:00 [INF] REQ POST /hubs/notifications/negotiate [Anonyme]
2026-06-12 02:34:35.549 +02:00 [INF] REQ GET /Admin/Access [Anonyme]
2026-06-12 02:34:35.627 +02:00 [INF] REQ GET /Account/Login [Anonyme]
2026-06-12 02:34:35.836 +02:00 [INF] REQ POST /hubs/notifications/negotiate [Anonyme]
2026-06-12 02:34:36.502 +02:00 [INF] REQ GET /Admin [Anonyme]
2026-06-12 02:34:36.573 +02:00 [INF] REQ GET /Account/Login [Anonyme]
2026-06-12 02:34:36.734 +02:00 [INF] REQ POST /hubs/notifications/negotiate [Anonyme]
2026-06-12 02:35:41.253 +02:00 [INF] REQ POST /Account/Logout [Anonyme]
2026-06-12 02:35:41.576 +02:00 [INF] REQ GET /Account/Login [Anonyme]
2026-06-12 02:35:41.892 +02:00 [INF] REQ POST /hubs/notifications/negotiate [Anonyme]
2026-06-12 02:35:42.883 +02:00 [INF] REQ POST /Account/Logout [Anonyme]
2026-06-12 02:35:43.086 +02:00 [INF] REQ GET /Account/Login [Anonyme]
2026-06-12 02:35:43.393 +02:00 [INF] REQ POST /hubs/notifications/negotiate [Anonyme]
2026-06-12 13:47:38.590 +02:00 [WRN] Entity 'Reservation' has a global query filter defined and is the required end of a relationship with the entity 'Invoice'. This may lead to unexpected results when the required entity is filtered out. Either configure the navigation as optional, or define matching query filters for both entities in the navigation. See https://go.microsoft.com/fwlink/?linkid=2131316 for more information.
2026-06-12 13:48:42.324 +02:00 [INF] REQ GET /Reservation/Packages [Anonyme]
2026-06-12 13:48:42.335 +02:00 [WRN] Failed to determine the https port for redirect.
2026-06-12 13:48:42.466 +02:00 [INF] REQ GET /Account/Login [Anonyme]
2026-06-12 13:48:42.838 +02:00 [INF] REQ POST /hubs/notifications/negotiate [Anonyme]
2026-06-12 13:48:44.497 +02:00 [INF] REQ POST /Account/Login [Anonyme]
2026-06-12 13:48:45.042 +02:00 [INF] REQ GET /Reservation/Packages [Anonyme]
2026-06-12 13:48:45.336 +02:00 [INF] REQ POST /hubs/notifications/negotiate [Anonyme]
2026-06-12 13:48:45.388 +02:00 [INF] REQ GET /api/v1/packages [Anonyme]
2026-06-12 13:48:45.435 +02:00 [INF] REQ GET /hubs/notifications [Anonyme]
2026-06-12 13:51:09.013 +02:00 [INF] REQ POST /Reservation/Account/Logout [Anonyme]
2026-06-12 13:57:23.000 +02:00 [WRN] Entity 'Reservation' has a global query filter defined and is the required end of a relationship with the entity 'Invoice'. This may lead to unexpected results when the required entity is filtered out. Either configure the navigation as optional, or define matching query filters for both entities in the navigation. See https://go.microsoft.com/fwlink/?linkid=2131316 for more information.
2026-06-12 13:58:06.561 +02:00 [INF] REQ GET /Reports [Anonyme]
2026-06-12 13:58:06.581 +02:00 [WRN] Failed to determine the https port for redirect.
2026-06-12 13:58:06.699 +02:00 [ERR] An unhandled exception has occurred while executing the request.
System.InvalidOperationException: Unable to resolve service for type 'Hotelo.Core.Interfaces.Services.IReportService' while attempting to activate 'Hotelo.Web.Controllers.ReportsController'.
   at Microsoft.Extensions.DependencyInjection.ActivatorUtilities.ThrowHelperUnableToResolveService(Type type, Type requiredBy)
   at lambda_method233(Closure, IServiceProvider, Object[])
   at Microsoft.AspNetCore.Mvc.Controllers.ControllerFactoryProvider.<>c__DisplayClass6_0.<CreateControllerFactory>g__CreateController|0(ControllerContext controllerContext)
   at Microsoft.AspNetCore.Mvc.Infrastructure.ControllerActionInvoker.Next(State& next, Scope& scope, Object& state, Boolean& isCompleted)
   at Microsoft.AspNetCore.Mvc.Infrastructure.ControllerActionInvoker.InvokeInnerFilterAsync()
--- End of stack trace from previous location ---
   at Microsoft.AspNetCore.Mvc.Infrastructure.ResourceInvoker.<InvokeNextResourceFilter>g__Awaited|25_0(ResourceInvoker invoker, Task lastTask, State next, Scope scope, Object state, Boolean isCompleted)
   at Microsoft.AspNetCore.Mvc.Infrastructure.ResourceInvoker.Rethrow(ResourceExecutedContextSealed context)
   at Microsoft.AspNetCore.Mvc.Infrastructure.ResourceInvoker.Next(State& next, Scope& scope, Object& state, Boolean& isCompleted)
   at Microsoft.AspNetCore.Mvc.Infrastructure.ResourceInvoker.InvokeFilterPipelineAsync()
--- End of stack trace from previous location ---
   at Microsoft.AspNetCore.Mvc.Infrastructure.ResourceInvoker.<InvokeAsync>g__Awaited|17_0(ResourceInvoker invoker, Task task, IDisposable scope)
   at Microsoft.AspNetCore.Mvc.Infrastructure.ResourceInvoker.<InvokeAsync>g__Awaited|17_0(ResourceInvoker invoker, Task task, IDisposable scope)
   at Microsoft.AspNetCore.Authorization.AuthorizationMiddleware.Invoke(HttpContext context)
   at Microsoft.AspNetCore.Authentication.AuthenticationMiddleware.Invoke(HttpContext context)
   at Microsoft.AspNetCore.Session.SessionMiddleware.Invoke(HttpContext context)
   at Microsoft.AspNetCore.Session.SessionMiddleware.Invoke(HttpContext context)
   at Hotelo.Web.Middlewares.RequestLoggingMiddleware.InvokeAsync(HttpContext context) in C:\Projects\Hotelo\Hotelo.Web\Middlewares\RequestLoggingMiddleware.cs:line 20
   at Microsoft.AspNetCore.Diagnostics.DeveloperExceptionPageMiddlewareImpl.Invoke(HttpContext context)
